            Node            U.U2
           Label          @Loc 1
---------------------------------
               1    -393.298E-36
               2    -337.940E-36
               3    -393.298E-36
               4    -806.161E-36
               5    -835.708E-36
               6    -806.161E-36
               7    -393.298E-36
               8    -337.940E-36
               9    -393.298E-36
              10    -6.49908E-03
              11    -4.51859E-03
              12    -6.49908E-03
              13    -8.46245E-03
              14    -6.26438E-03
              15    -8.46245E-03
              16    -6.49908E-03
              17    -4.51859E-03
              18    -6.49908E-03
              19    -26.7792E-03
              20    -24.6713E-03
              21    -26.7792E-03
              22    -28.9129E-03
              23    -26.7721E-03
              24    -28.9129E-03
              25    -26.7792E-03
              26    -24.6713E-03
              27    -26.7792E-03
              28    -61.5387E-03
              29    -59.3900E-03
              30    -61.5387E-03
              31    -63.6824E-03
              32    -61.5326E-03
              33    -63.6824E-03
              34    -61.5387E-03
              35    -59.3900E-03
              36    -61.5387E-03
              37    -110.539E-03
              38    -108.398E-03
              39    -110.539E-03
              40    -112.682E-03
              41    -110.541E-03
              42    -112.682E-03
              43    -110.539E-03
              44    -108.398E-03
              45    -110.539E-03
              46    -173.839E-03
              47    -171.695E-03
              48    -173.839E-03
              49    -175.981E-03
              50    -173.838E-03
              51    -175.981E-03
              52    -173.839E-03
              53    -171.695E-03
              54    -173.839E-03
              55    -251.421E-03
              56    -249.278E-03
              57    -251.421E-03
              58    -253.564E-03
              59    -251.421E-03
              60    -253.564E-03
              61    -251.421E-03
              62    -249.278E-03
              63    -251.421E-03
              64    -343.288E-03
              65    -341.144E-03
              66    -343.288E-03
              67    -345.429E-03
              68    -343.286E-03
              69    -345.429E-03
              70    -343.288E-03
              71    -341.144E-03
              72    -343.288E-03
              73    -449.433E-03
              74    -447.318E-03
              75    -449.433E-03
              76    -451.587E-03
              77    -449.450E-03
              78    -451.587E-03
              79    -449.433E-03
              80    -447.318E-03
              81    -449.433E-03
              82    -570.166E-03
              83    -567.683E-03
              84    -570.166E-03
              85    -572.133E-03
              86    -569.807E-03
              87    -572.133E-03
              88    -570.166E-03
              89    -567.683E-03
              90    -570.166E-03
              91    -702.844E-03
              92    -702.308E-03
              93    -702.844E-03
              94    -704.636E-03
              95    -704.488E-03
              96    -704.636E-03
              97    -702.844E-03
              98    -702.308E-03
              99    -702.844E-03
             100    -8.03642E-03
             101    -6.63657E-03
             102    -5.96836E-03
             103    -4.83995E-03
             104     725.756E-36
             105     713.352E-36
             106     1.11202E-33
             107    -464.167E-36
             108     213.897E-06
             109    -2.02910E-03
             110    -1.09979E-03
             111    -3.30899E-03
             112    -6.63657E-03
             113    -8.03642E-03
             114    -4.83995E-03
             115     725.756E-36
             116    -464.167E-36
             117     1.11202E-33
             118    -2.02910E-03
             119    -3.30899E-03
             120    -8.03642E-03
             121    -4.83995E-03
             122    -5.96836E-03
             123     713.352E-36
             124     725.756E-36
             125    -464.167E-36
             126     213.897E-06
             127    -2.02910E-03
             128    -4.83995E-03
             129    -8.03642E-03
             130    -464.167E-36
             131     725.756E-36
             132    -2.02910E-03
             133    -28.3759E-03
             134    -27.3508E-03
             135    -26.2367E-03
             136    -25.2261E-03
             137    -12.7404E-03
             138    -14.8445E-03
             139    -14.7422E-03
             140    -16.9575E-03
             141    -27.3508E-03
             142    -28.3759E-03
             143    -25.2261E-03
             144    -14.8445E-03
             145    -16.9575E-03
             146    -28.3759E-03
             147    -25.2261E-03
             148    -26.2367E-03
             149    -12.7404E-03
             150    -14.8445E-03
             151    -25.2261E-03
             152    -28.3759E-03
             153    -14.8445E-03
             154    -63.1467E-03
             155    -62.0611E-03
             156    -61.0032E-03
             157    -59.9200E-03
             158    -40.2372E-03
             159    -42.3806E-03
             160    -42.3773E-03
             161    -44.5175E-03
             162    -62.0611E-03
             163    -63.1467E-03
             164    -59.9200E-03
             165    -42.3806E-03
             166    -44.5175E-03
             167    -63.1467E-03
             168    -59.9200E-03
             169    -61.0032E-03
             170    -40.2372E-03
             171    -42.3806E-03
             172    -59.9200E-03
             173    -63.1467E-03
             174    -42.3806E-03
             175    -112.146E-03
             176    -111.078E-03
             177    -110.004E-03
             178    -108.935E-03
             179    -82.1084E-03
             180    -84.2515E-03
             181    -84.2507E-03
             182    -86.3943E-03
             183    -111.078E-03
             184    -112.146E-03
             185    -108.935E-03
             186    -84.2515E-03
             187    -86.3943E-03
             188    -112.146E-03
             189    -108.935E-03
             190    -110.004E-03
             191    -82.1084E-03
             192    -84.2515E-03
             193    -108.935E-03
             194    -112.146E-03
             195    -84.2515E-03
             196    -175.446E-03
             197    -174.374E-03
             198    -173.303E-03
             199    -172.231E-03
             200    -138.261E-03
             201    -140.404E-03
             202    -140.404E-03
             203    -142.547E-03
             204    -174.374E-03
             205    -175.446E-03
             206    -172.231E-03
             207    -140.404E-03
             208    -142.547E-03
             209    -175.446E-03
             210    -172.231E-03
             211    -173.303E-03
             212    -138.261E-03
             213    -140.404E-03
             214    -172.231E-03
             215    -175.446E-03
             216    -140.404E-03
             217    -253.029E-03
             218    -251.956E-03
             219    -250.885E-03
             220    -249.813E-03
             221    -208.701E-03
             222    -210.844E-03
             223    -210.844E-03
             224    -212.987E-03
             225    -251.956E-03
             226    -253.029E-03
             227    -249.813E-03
             228    -210.844E-03
             229    -212.987E-03
             230    -253.029E-03
             231    -249.813E-03
             232    -250.885E-03
             233    -208.701E-03
             234    -210.844E-03
             235    -249.813E-03
             236    -253.029E-03
             237    -210.844E-03
             238    -344.892E-03
             239    -343.826E-03
             240    -342.751E-03
             241    -341.683E-03
             242    -293.425E-03
             243    -295.570E-03
             244    -295.568E-03
             245    -297.711E-03
             246    -343.826E-03
             247    -344.892E-03
             248    -341.683E-03
             249    -295.570E-03
             250    -297.711E-03
             251    -344.892E-03
             252    -341.683E-03
             253    -342.751E-03
             254    -293.425E-03
             255    -295.570E-03
             256    -341.683E-03
             257    -344.892E-03
             258    -295.570E-03
             259    -451.059E-03
             260    -449.967E-03
             261    -448.916E-03
             262    -447.829E-03
             263    -392.442E-03
             264    -394.574E-03
             265    -394.580E-03
             266    -396.726E-03
             267    -449.967E-03
             268    -451.059E-03
             269    -447.829E-03
             270    -394.574E-03
             271    -396.726E-03
             272    -451.059E-03
             273    -447.829E-03
             274    -448.916E-03
             275    -392.442E-03
             276    -394.574E-03
             277    -447.829E-03
             278    -451.059E-03
             279    -394.574E-03
             280    -571.623E-03
             281    -570.470E-03
             282    -569.285E-03
             283    -568.408E-03
             284    -505.771E-03
             285    -507.912E-03
             286    -507.899E-03
             287    -509.998E-03
             288    -570.470E-03
             289    -571.623E-03
             290    -568.408E-03
             291    -507.912E-03
             292    -509.998E-03
             293    -571.623E-03
             294    -568.408E-03
             295    -569.285E-03
             296    -505.771E-03
             297    -507.912E-03
             298    -568.408E-03
             299    -571.623E-03
             300    -507.912E-03
             301    -704.100E-03
             302    -704.219E-03
             303    -704.054E-03
             304    -702.215E-03
             305    -632.727E-03
             306    -635.819E-03
             307    -634.924E-03
             308    -637.657E-03
             309    -704.219E-03
             310    -704.100E-03
             311    -702.215E-03
             312    -635.819E-03
             313    -637.657E-03
             314    -704.100E-03
             315    -702.215E-03
             316    -704.054E-03
             317    -632.727E-03
             318    -635.819E-03
             319    -702.215E-03
             320    -704.100E-03
             321    -635.819E-03


  Minimum           -704.636E-03
         At Node              96

  Maximum            213.897E-06
         At Node             126

           Total        -77.5815


