               1    -108.057E-36
               2     106.936E-36
               3     158.868E-36
               4     106.936E-36
               5    -108.057E-36
               6    -264.416E-36
               7     129.043E-36
               8     221.247E-36
               9     129.043E-36
              10    -264.416E-36
              11    -283.400E-36
              12     87.6310E-36
              13     177.284E-36
              14     87.6310E-36
              15    -283.400E-36
              16    -264.416E-36
              17     129.043E-36
              18     221.247E-36
              19     129.043E-36
              20    -264.416E-36
              21    -108.057E-36
              22     106.936E-36
              23     158.868E-36
              24     106.936E-36
              25    -108.057E-36
              26    -1.91589E-03
              27    -331.567E-06
              28     104.545E-06
              29    -331.567E-06
              30    -1.91589E-03
              31    -2.48955E-03
              32    -978.576E-06
              33    -632.758E-06
              34    -978.576E-06
              35    -2.48955E-03
              36    -2.69953E-03
              37    -1.13193E-03
              38    -733.891E-06
              39    -1.13193E-03
              40    -2.69953E-03
              41    -2.48955E-03
              42    -978.576E-06
              43    -632.758E-06
              44    -978.576E-06
              45    -2.48955E-03
              46    -1.91589E-03
              47    -331.567E-06
              48     104.545E-06
              49    -331.567E-06
              50    -1.91589E-03
              51    -4.91322E-03
              52    -3.76884E-03
              53    -3.28877E-03
              54    -3.76884E-03
              55    -4.91322E-03
              56    -5.71402E-03
              57    -4.63470E-03
              58    -4.21003E-03
              59    -4.63470E-03
              60    -5.71402E-03
              61    -6.09617E-03
              62    -4.90545E-03
              63    -4.41516E-03
              64    -4.90545E-03
              65    -6.09617E-03
              66    -5.71402E-03
              67    -4.63470E-03
              68    -4.21003E-03
              69    -4.63470E-03
              70    -5.71402E-03
              71    -4.91322E-03
              72    -3.76884E-03
              73    -3.28877E-03
              74    -3.76884E-03
              75    -4.91322E-03
              76    -10.8769E-03
              77    -9.61149E-03
              78    -9.22304E-03
              79    -9.61149E-03
              80    -10.8769E-03
              81    -11.7256E-03
              82    -10.5596E-03
              83    -10.2425E-03
              84    -10.5596E-03
              85    -11.7256E-03
              86    -12.0623E-03
              87    -10.8808E-03
              88    -10.5129E-03
              89    -10.8808E-03
              90    -12.0623E-03
              91    -11.7256E-03
              92    -10.5596E-03
              93    -10.2425E-03
              94    -10.5596E-03
              95    -11.7256E-03
              96    -10.8769E-03
              97    -9.61149E-03
              98    -9.22304E-03
              99    -9.61149E-03
             100    -10.8769E-03
             101    -19.2806E-03
             102    -18.0612E-03
             103    -17.6350E-03
             104    -18.0612E-03
             105    -19.2806E-03
             106    -20.1499E-03
             107    -19.0228E-03
             108    -18.6715E-03
             109    -19.0228E-03
             110    -20.1499E-03
             111    -20.5133E-03
             112    -19.3539E-03
             113    -18.9574E-03
             114    -19.3539E-03
             115    -20.5133E-03
             116    -20.1499E-03
             117    -19.0228E-03
             118    -18.6715E-03
             119    -19.0228E-03
             120    -20.1499E-03
             121    -19.2806E-03
             122    -18.0612E-03
             123    -17.6350E-03
             124    -18.0612E-03
             125    -19.2806E-03
             126    -30.2194E-03
             127    -28.9804E-03
             128    -28.5667E-03
             129    -28.9804E-03
             130    -30.2194E-03
             131    -31.0905E-03
             132    -29.9479E-03
             133    -29.6057E-03
             134    -29.9479E-03
             135    -31.0905E-03
             136    -31.4482E-03
             137    -30.2847E-03
             138    -29.8956E-03
             139    -30.2847E-03
             140    -31.4482E-03
             141    -31.0905E-03
             142    -29.9479E-03
             143    -29.6057E-03
             144    -29.9479E-03
             145    -31.0905E-03
             146    -30.2194E-03
             147    -28.9804E-03
             148    -28.5667E-03
             149    -28.9804E-03
             150    -30.2194E-03
             151    -43.6293E-03
             152    -42.3971E-03
             153    -41.9781E-03
             154    -42.3971E-03
             155    -43.6293E-03
             156    -44.5017E-03
             157    -43.3637E-03
             158    -43.0176E-03
             159    -43.3637E-03
             160    -44.5017E-03
             161    -44.8622E-03
             162    -43.7001E-03
             163    -43.3088E-03
             164    -43.7001E-03
             165    -44.8622E-03
             166    -44.5017E-03
             167    -43.3637E-03
             168    -43.0176E-03
             169    -43.3637E-03
             170    -44.5017E-03
             171    -43.6293E-03
             172    -42.3971E-03
             173    -41.9781E-03
             174    -42.3971E-03
             175    -43.6293E-03
             176    -59.5280E-03
             177    -58.2933E-03
             178    -57.8764E-03
             179    -58.2933E-03
             180    -59.5280E-03
             181    -60.4000E-03
             182    -59.2602E-03
             183    -58.9154E-03
             184    -59.2602E-03
             185    -60.4000E-03
             186    -60.7597E-03
             187    -59.5970E-03
             188    -59.2063E-03
             189    -59.5970E-03
             190    -60.7597E-03
             191    -60.4000E-03
             192    -59.2602E-03
             193    -58.9154E-03
             194    -59.2602E-03
             195    -60.4000E-03
             196    -59.5280E-03
             197    -58.2933E-03
             198    -57.8764E-03
             199    -58.2933E-03
             200    -59.5280E-03
             201    -77.9081E-03
             202    -76.6743E-03
             203    -76.2566E-03
             204    -76.6743E-03
             205    -77.9081E-03
             206    -78.7802E-03
             207    -77.6410E-03
             208    -77.2957E-03
             209    -77.6410E-03
             210    -78.7802E-03
             211    -79.1402E-03
             212    -77.9776E-03
             213    -77.5867E-03
             214    -77.9776E-03
             215    -79.1402E-03
             216    -78.7802E-03
             217    -77.6410E-03
             218    -77.2957E-03
             219    -77.6410E-03
             220    -78.7802E-03
             221    -77.9081E-03
             222    -76.6743E-03
             223    -76.2566E-03
             224    -76.6743E-03
             225    -77.9081E-03
             226    -98.7721E-03
             227    -97.5379E-03
             228    -97.1206E-03
             229    -97.5379E-03
             230    -98.7721E-03
             231    -99.6441E-03
             232    -98.5047E-03
             233    -98.1596E-03
             234    -98.5047E-03
             235    -99.6441E-03
             236    -100.004E-03
             237    -98.8413E-03
             238    -98.4505E-03
             239    -98.8413E-03
             240    -100.004E-03
             241    -99.6441E-03
             242    -98.5047E-03
             243    -98.1596E-03
             244    -98.5047E-03
             245    -99.6441E-03
             246    -98.7721E-03
             247    -97.5379E-03
             248    -97.1206E-03
             249    -97.5379E-03
             250    -98.7721E-03
             251    -122.119E-03
             252    -120.885E-03
             253    -120.468E-03
             254    -120.885E-03
             255    -122.119E-03
             256    -122.991E-03
             257    -121.852E-03
             258    -121.507E-03
             259    -121.852E-03
             260    -122.991E-03
             261    -123.351E-03
             262    -122.188E-03
             263    -121.798E-03
             264    -122.188E-03
             265    -123.351E-03
             266    -122.991E-03
             267    -121.852E-03
             268    -121.507E-03
             269    -121.852E-03
             270    -122.991E-03
             271    -122.119E-03
             272    -120.885E-03
             273    -120.468E-03
             274    -120.885E-03
             275    -122.119E-03
             276    -147.949E-03
             277    -146.715E-03
             278    -146.298E-03
             279    -146.715E-03
             280    -147.949E-03
             281    -148.822E-03
             282    -147.682E-03
             283    -147.337E-03
             284    -147.682E-03
             285    -148.822E-03
             286    -149.181E-03
             287    -148.019E-03
             288    -147.628E-03
             289    -148.019E-03
             290    -149.181E-03
             291    -148.822E-03
             292    -147.682E-03
             293    -147.337E-03
             294    -147.682E-03
             295    -148.822E-03
             296    -147.949E-03
             297    -146.715E-03
             298    -146.298E-03
             299    -146.715E-03
             300    -147.949E-03
             301    -176.263E-03
             302    -175.029E-03
             303    -174.612E-03
             304    -175.029E-03
             305    -176.263E-03
             306    -177.135E-03
             307    -175.996E-03
             308    -175.651E-03
             309    -175.996E-03
             310    -177.135E-03
             311    -177.495E-03
             312    -176.332E-03
             313    -175.942E-03
             314    -176.332E-03
             315    -177.495E-03
             316    -177.135E-03
             317    -175.996E-03
             318    -175.651E-03
             319    -175.996E-03
             320    -177.135E-03
             321    -176.263E-03
             322    -175.029E-03
             323    -174.612E-03
             324    -175.029E-03
             325    -176.263E-03
             326    -207.060E-03
             327    -205.826E-03
             328    -205.409E-03
             329    -205.826E-03
             330    -207.060E-03
             331    -207.932E-03
             332    -206.793E-03
             333    -206.448E-03
             334    -206.793E-03
             335    -207.932E-03
             336    -208.292E-03
             337    -207.129E-03
             338    -206.739E-03
             339    -207.129E-03
             340    -208.292E-03
             341    -207.932E-03
             342    -206.793E-03
             343    -206.448E-03
             344    -206.793E-03
             345    -207.932E-03
             346    -207.060E-03
             347    -205.826E-03
             348    -205.409E-03
             349    -205.826E-03
             350    -207.060E-03
             351    -240.340E-03
             352    -239.106E-03
             353    -238.689E-03
             354    -239.106E-03
             355    -240.340E-03
             356    -241.212E-03
             357    -240.073E-03
             358    -239.728E-03
             359    -240.073E-03
             360    -241.212E-03
             361    -241.572E-03
             362    -240.410E-03
             363    -240.019E-03
             364    -240.410E-03
             365    -241.572E-03
             366    -241.212E-03
             367    -240.073E-03
             368    -239.728E-03
             369    -240.073E-03
             370    -241.212E-03
             371    -240.340E-03
             372    -239.106E-03
             373    -238.689E-03
             374    -239.106E-03
             375    -240.340E-03
             376    -276.104E-03
             377    -274.870E-03
             378    -274.452E-03
             379    -274.870E-03
             380    -276.104E-03
             381    -276.976E-03
             382    -275.836E-03
             383    -275.491E-03
             384    -275.836E-03
             385    -276.976E-03
             386    -277.336E-03
             387    -276.173E-03
             388    -275.782E-03
             389    -276.173E-03
             390    -277.336E-03
             391    -276.976E-03
             392    -275.836E-03
             393    -275.491E-03
             394    -275.836E-03
             395    -276.976E-03
             396    -276.104E-03
             397    -274.870E-03
             398    -274.452E-03
             399    -274.870E-03
             400    -276.104E-03
             401    -314.350E-03
             402    -313.117E-03
             403    -312.700E-03
             404    -313.117E-03
             405    -314.350E-03
             406    -315.222E-03
             407    -314.083E-03
             408    -313.738E-03
             409    -314.083E-03
             410    -315.222E-03
             411    -315.583E-03
             412    -314.419E-03
             413    -314.028E-03
             414    -314.419E-03
             415    -315.583E-03
             416    -315.222E-03
             417    -314.083E-03
             418    -313.738E-03
             419    -314.083E-03
             420    -315.222E-03
             421    -314.350E-03
             422    -313.117E-03
             423    -312.700E-03
             424    -313.117E-03
             425    -314.350E-03
             426    -355.080E-03
             427    -353.847E-03
             428    -353.433E-03
             429    -353.847E-03
             430    -355.080E-03
             431    -355.950E-03
             432    -354.813E-03
             433    -354.471E-03
             434    -354.813E-03
             435    -355.950E-03
             436    -356.308E-03
             437    -355.150E-03
             438    -354.763E-03
             439    -355.150E-03
             440    -356.308E-03
             441    -355.950E-03
             442    -354.813E-03
             443    -354.471E-03
             444    -354.813E-03
             445    -355.950E-03
             446    -355.080E-03
             447    -353.847E-03
             448    -353.433E-03
             449    -353.847E-03
             450    -355.080E-03
             451    -398.296E-03
             452    -397.061E-03
             453    -396.651E-03
             454    -397.061E-03
             455    -398.296E-03
             456    -399.177E-03
             457    -398.028E-03
             458    -397.685E-03
             459    -398.028E-03
             460    -399.177E-03
             461    -399.534E-03
             462    -398.367E-03
             463    -397.982E-03
             464    -398.367E-03
             465    -399.534E-03
             466    -399.177E-03
             467    -398.028E-03
             468    -397.685E-03
             469    -398.028E-03
             470    -399.177E-03
             471    -398.296E-03
             472    -397.061E-03
             473    -396.651E-03
             474    -397.061E-03
             475    -398.296E-03
             476    -444.102E-03
             477    -442.756E-03
             478    -442.151E-03
             479    -442.756E-03
             480    -444.102E-03
             481    -444.991E-03
             482    -443.737E-03
             483    -443.202E-03
             484    -443.737E-03
             485    -444.991E-03
             486    -445.350E-03
             487    -444.076E-03
             488    -443.500E-03
             489    -444.076E-03
             490    -445.350E-03
             491    -444.991E-03
             492    -443.737E-03
             493    -443.202E-03
             494    -443.737E-03
             495    -444.991E-03
             496    -444.102E-03
             497    -442.756E-03
             498    -442.151E-03
             499    -442.756E-03
             500    -444.102E-03
             501    -491.706E-03
             502    -490.775E-03
             503    -490.484E-03
             504    -490.775E-03
             505    -491.706E-03
             506    -492.600E-03
             507    -491.758E-03
             508    -491.536E-03
             509    -491.758E-03
             510    -492.600E-03
             511    -492.965E-03
             512    -492.095E-03
             513    -491.827E-03
             514    -492.095E-03
             515    -492.965E-03
             516    -492.600E-03
             517    -491.758E-03
             518    -491.536E-03
             519    -491.758E-03
             520    -492.600E-03
             521    -491.706E-03
             522    -490.775E-03
             523    -490.484E-03
             524    -490.775E-03
             525    -491.706E-03


  Minimum           -492.965E-03
         At Node             515

  Maximum            104.545E-06
         At Node              48

           Total        -87.9062


