                0.                 0.         
              555.556E-06       -561.197E-03  
                1.11111E-03       -2.05503    
                1.66667E-03       -4.05653    
                2.22222E-03       -6.14235    
                2.77778E-03       -8.09404    
                3.33333E-03       -9.92528    
                3.88889E-03      -11.7455     
                4.44444E-03      -13.6081     
                5.E-03           -15.4742     
                5.55556E-03      -17.2175     
                6.11111E-03      -18.6562     
                6.66667E-03      -19.5956     
                7.22222E-03      -19.8529     
                7.77778E-03      -19.2937     
                8.33333E-03      -17.8901     
                8.88889E-03      -15.7743     
                9.44444E-03      -13.2476     
               10.E-03           -10.6972     
               10.5556E-03        -8.45374    
               11.1111E-03        -6.65884    
               11.6667E-03        -5.23513    
               12.2222E-03        -3.98738    
               12.7778E-03        -2.77425    
               13.3333E-03        -1.64647    
               13.8889E-03      -854.356E-03  
               14.4444E-03      -725.151E-03  
               15.E-03            -1.4847     
               15.5556E-03        -3.13508    
               16.1111E-03        -5.45254    
               16.6667E-03        -8.08812    
               17.2222E-03       -10.6999     
               17.7778E-03       -13.0409     
               18.3333E-03       -14.9798     
               18.8889E-03       -16.4761     
               19.4444E-03       -17.5476     
               20.E-03           -18.2467     
               20.5556E-03       -18.6314     
               21.1111E-03       -18.7228     
               21.6667E-03       -18.4607     
               22.2222E-03       -17.701      
               22.7778E-03       -16.283      
               23.3333E-03       -14.1479     
               23.8889E-03       -11.441      
               24.4444E-03        -8.51915    
               25.E-03            -5.83889    
               25.5556E-03        -3.77663    
               26.1111E-03        -2.48546    
               26.6667E-03        -1.87308    
               27.2222E-03        -1.70997    
               27.7778E-03        -1.79485    
               28.3333E-03        -2.07379    
               28.8889E-03        -2.64859    
               29.4444E-03        -3.68581    
               30.E-03            -5.29611    
               30.5556E-03        -7.45652    
               31.1111E-03       -10.0046     
               31.6667E-03       -12.6842     
               32.2222E-03       -15.204      
               32.7778E-03       -17.2862     
               33.3333E-03       -18.7096     
               33.8889E-03       -19.3558     
               34.4444E-03       -19.2479     
               35.E-03           -18.5485     
               35.5556E-03       -17.4945     
               36.1111E-03       -16.2834     
               36.6667E-03       -14.9744     
               37.2222E-03       -13.472      
               37.7778E-03       -11.6161     
               38.3333E-03        -9.3329     
               38.8889E-03        -6.75105    
               39.4444E-03        -4.20483    
               40.E-03            -2.11597    
               40.5556E-03      -822.069E-03  
               41.1111E-03      -451.167E-03  
               41.6667E-03      -906.878E-03  
               42.2222E-03        -1.95636    
               42.7778E-03        -3.3553     
               43.3333E-03        -4.93711    
               43.8889E-03        -6.6331     
               44.4444E-03        -8.43931    
               45.E-03           -10.3684     
               45.5556E-03       -12.4125     
               46.1111E-03       -14.5177     
               46.6667E-03       -16.5618     
               47.2222E-03       -18.3418     
               47.7778E-03       -19.5933     
               48.3333E-03       -20.0605     
               48.8889E-03       -19.6006     
               49.4444E-03       -18.2689     
               50.E-03           -16.3235     




