
 Job-C3D8-cantilever-beam-rho7800-dyna 

 C O N T R O L   I N F O R M A T I O N

      NUMBER OF NODAL POINTS . . . . . . . . . . (NUMNP)  =         99 
      NUMBER OF ELEMENT GROUPS . . . . . . . . . (NUMEG)  =          1 
      NUMBER OF LOAD CASES . . . . . . . . . . . (NLCASE) =          1 
      SOLUTION MODE  . . . . . . . . . . . . . . (MODEX)  =          4 
         EQ.0, DATA CHECK 
         EQ.1, EXECUTION - 一维变带宽存储刚度矩阵
         EQ.2, EXECUTION - Matlab稀疏矩阵左除R


 N O D A L   P O I N T   D A T A 

       NODE                BOUNDARY                           NODAL POINT
      NUMBER     CONDITION  CODES                     COORDINATES
                              X    Y    Z               X               Y              Z
         1                   1    1    1              0.000       -5.000       10.000
         2                   1    1    1              0.000        0.000       10.000
         3                   1    1    1              0.000        5.000       10.000
         4                   1    1    1              0.000       -5.000        5.000
         5                   1    1    1              0.000        0.000        5.000
         6                   1    1    1              0.000        5.000        5.000
         7                   1    1    1              0.000       -5.000        0.000
         8                   1    1    1              0.000        0.000        0.000
         9                   1    1    1              0.000        5.000        0.000
        10                   0    0    0              5.000       -5.000       10.000
        11                   0    0    0              5.000        0.000       10.000
        12                   0    0    0              5.000        5.000       10.000
        13                   0    0    0              5.000       -5.000        5.000
        14                   0    0    0              5.000        0.000        5.000
        15                   0    0    0              5.000        5.000        5.000
        16                   0    0    0              5.000       -5.000        0.000
        17                   0    0    0              5.000        0.000        0.000
        18                   0    0    0              5.000        5.000        0.000
        19                   0    0    0             10.000       -5.000       10.000
        20                   0    0    0             10.000        0.000       10.000
        21                   0    0    0             10.000        5.000       10.000
        22                   0    0    0             10.000       -5.000        5.000
        23                   0    0    0             10.000        0.000        5.000
        24                   0    0    0             10.000        5.000        5.000
        25                   0    0    0             10.000       -5.000        0.000
        26                   0    0    0             10.000        0.000        0.000
        27                   0    0    0             10.000        5.000        0.000
        28                   0    0    0             15.000       -5.000       10.000
        29                   0    0    0             15.000        0.000       10.000
        30                   0    0    0             15.000        5.000       10.000
        31                   0    0    0             15.000       -5.000        5.000
        32                   0    0    0             15.000        0.000        5.000
        33                   0    0    0             15.000        5.000        5.000
        34                   0    0    0             15.000       -5.000        0.000
        35                   0    0    0             15.000        0.000        0.000
        36                   0    0    0             15.000        5.000        0.000
        37                   0    0    0             20.000       -5.000       10.000
        38                   0    0    0             20.000        0.000       10.000
        39                   0    0    0             20.000        5.000       10.000
        40                   0    0    0             20.000       -5.000        5.000
        41                   0    0    0             20.000        0.000        5.000
        42                   0    0    0             20.000        5.000        5.000
        43                   0    0    0             20.000       -5.000        0.000
        44                   0    0    0             20.000        0.000        0.000
        45                   0    0    0             20.000        5.000        0.000
        46                   0    0    0             25.000       -5.000       10.000
        47                   0    0    0             25.000        0.000       10.000
        48                   0    0    0             25.000        5.000       10.000
        49                   0    0    0             25.000       -5.000        5.000
        50                   0    0    0             25.000        0.000        5.000
        51                   0    0    0             25.000        5.000        5.000
        52                   0    0    0             25.000       -5.000        0.000
        53                   0    0    0             25.000        0.000        0.000
        54                   0    0    0             25.000        5.000        0.000
        55                   0    0    0             30.000       -5.000       10.000
        56                   0    0    0             30.000        0.000       10.000
        57                   0    0    0             30.000        5.000       10.000
        58                   0    0    0             30.000       -5.000        5.000
        59                   0    0    0             30.000        0.000        5.000
        60                   0    0    0             30.000        5.000        5.000
        61                   0    0    0             30.000       -5.000        0.000
        62                   0    0    0             30.000        0.000        0.000
        63                   0    0    0             30.000        5.000        0.000
        64                   0    0    0             35.000       -5.000       10.000
        65                   0    0    0             35.000        0.000       10.000
        66                   0    0    0             35.000        5.000       10.000
        67                   0    0    0             35.000       -5.000        5.000
        68                   0    0    0             35.000        0.000        5.000
        69                   0    0    0             35.000        5.000        5.000
        70                   0    0    0             35.000       -5.000        0.000
        71                   0    0    0             35.000        0.000        0.000
        72                   0    0    0             35.000        5.000        0.000
        73                   0    0    0             40.000       -5.000       10.000
        74                   0    0    0             40.000        0.000       10.000
        75                   0    0    0             40.000        5.000       10.000
        76                   0    0    0             40.000       -5.000        5.000
        77                   0    0    0             40.000        0.000        5.000
        78                   0    0    0             40.000        5.000        5.000
        79                   0    0    0             40.000       -5.000        0.000
        80                   0    0    0             40.000        0.000        0.000
        81                   0    0    0             40.000        5.000        0.000
        82                   0    0    0             45.000       -5.000       10.000
        83                   0    0    0             45.000        0.000       10.000
        84                   0    0    0             45.000        5.000       10.000
        85                   0    0    0             45.000       -5.000        5.000
        86                   0    0    0             45.000        0.000        5.000
        87                   0    0    0             45.000        5.000        5.000
        88                   0    0    0             45.000       -5.000        0.000
        89                   0    0    0             45.000        0.000        0.000
        90                   0    0    0             45.000        5.000        0.000
        91                   0    0    0             50.000       -5.000       10.000
        92                   0    0    0             50.000        0.000       10.000
        93                   0    0    0             50.000        5.000       10.000
        94                   0    0    0             50.000       -5.000        5.000
        95                   0    0    0             50.000        0.000        5.000
        96                   0    0    0             50.000        5.000        5.000
        97                   0    0    0             50.000       -5.000        0.000
        98                   0    0    0             50.000        0.000        0.000
        99                   0    0    0             50.000        5.000        0.000


 EQUATION NUMBERS

         NODE         DEGREES OF FREEDOM
       NUMBER
          N                  X         Y         Z
          1                   0         0         0
          2                   0         0         0
          3                   0         0         0
          4                   0         0         0
          5                   0         0         0
          6                   0         0         0
          7                   0         0         0
          8                   0         0         0
          9                   0         0         0
         10                   1         2         3
         11                   4         5         6
         12                   7         8         9
         13                  10        11        12
         14                  13        14        15
         15                  16        17        18
         16                  19        20        21
         17                  22        23        24
         18                  25        26        27
         19                  28        29        30
         20                  31        32        33
         21                  34        35        36
         22                  37        38        39
         23                  40        41        42
         24                  43        44        45
         25                  46        47        48
         26                  49        50        51
         27                  52        53        54
         28                  55        56        57
         29                  58        59        60
         30                  61        62        63
         31                  64        65        66
         32                  67        68        69
         33                  70        71        72
         34                  73        74        75
         35                  76        77        78
         36                  79        80        81
         37                  82        83        84
         38                  85        86        87
         39                  88        89        90
         40                  91        92        93
         41                  94        95        96
         42                  97        98        99
         43                 100       101       102
         44                 103       104       105
         45                 106       107       108
         46                 109       110       111
         47                 112       113       114
         48                 115       116       117
         49                 118       119       120
         50                 121       122       123
         51                 124       125       126
         52                 127       128       129
         53                 130       131       132
         54                 133       134       135
         55                 136       137       138
         56                 139       140       141
         57                 142       143       144
         58                 145       146       147
         59                 148       149       150
         60                 151       152       153
         61                 154       155       156
         62                 157       158       159
         63                 160       161       162
         64                 163       164       165
         65                 166       167       168
         66                 169       170       171
         67                 172       173       174
         68                 175       176       177
         69                 178       179       180
         70                 181       182       183
         71                 184       185       186
         72                 187       188       189
         73                 190       191       192
         74                 193       194       195
         75                 196       197       198
         76                 199       200       201
         77                 202       203       204
         78                 205       206       207
         79                 208       209       210
         80                 211       212       213
         81                 214       215       216
         82                 217       218       219
         83                 220       221       222
         84                 223       224       225
         85                 226       227       228
         86                 229       230       231
         87                 232       233       234
         88                 235       236       237
         89                 238       239       240
         90                 241       242       243
         91                 244       245       246
         92                 247       248       249
         93                 250       251       252
         94                 253       254       255
         95                 256       257       258
         96                 259       260       261
         97                 262       263       264
         98                 265       266       267
         99                 268       269       270


 L O A D   C A S E   D A T A

     LOAD CASE NUMBER . . . . . . . =          1
     NUMBER OF CONCENTRATED LOADS . =          6


         NODE           DIRECTION           LOAD
       NUMBER                               MAGNITUDE
           91                      1              -1.00000e+04           93                      1               1.00000e+04           94                      1              -2.00000e+04           96                      1               2.00000e+04           97                      1              -1.00000e+04           99                      1               1.00000e+04

 E L E M E N T   G R O U P   D A T A


 E L E M E N T   D E F I N I T I O N

 ELEMENT TYPE  . . . . . . . . . . . . .( NPAR(1) ) . . =          3
     EQ.1, TRUSS ELEMENTS
     EQ.2, PLANE STRESS
     EQ.3, SOLID C3D8
     EQ.4, SOLID C3D20
 NUMBER OF ELEMENTS. . . . . . . . . . .( NPAR(2) ) . . =         40

 M A T E R I A L   D E F I N I T I O N

 NUMBER OF DIFFERENT SETS OF MATERIAL
 AND CROSS-SECTIONAL  CONSTANTS  . . . .( NPAR(3) ) . . =          1
     SET          YOUNG'S       POSSION RATIO         DENSITY
 NUMBER     MODULUS              
                           E                       nu              rho
     1          2.10000e+05      3.000000e-01      7800


 E L E M E N T   I N F O R M A T I O N

      ELEMENT 	 NODE 	 NODE 	 NODE 	 NODE 	 NODE 	 NODE 	 NODE 	 NODE 	   MATERIAL
      NUMBER-N 	   I1 	    I2 	    I3 	    I4 	    I5 	    I6 	    I7 	    I8 	 SET NUMBER
            1                    10              11              14              13               1               2               5               4               1
            2                    11              12              15              14               2               3               6               5               1
            3                    13              14              17              16               4               5               8               7               1
            4                    14              15              18              17               5               6               9               8               1
            5                    19              20              23              22              10              11              14              13               1
            6                    20              21              24              23              11              12              15              14               1
            7                    22              23              26              25              13              14              17              16               1
            8                    23              24              27              26              14              15              18              17               1
            9                    28              29              32              31              19              20              23              22               1
           10                    29              30              33              32              20              21              24              23               1
           11                    31              32              35              34              22              23              26              25               1
           12                    32              33              36              35              23              24              27              26               1
           13                    37              38              41              40              28              29              32              31               1
           14                    38              39              42              41              29              30              33              32               1
           15                    40              41              44              43              31              32              35              34               1
           16                    41              42              45              44              32              33              36              35               1
           17                    46              47              50              49              37              38              41              40               1
           18                    47              48              51              50              38              39              42              41               1
           19                    49              50              53              52              40              41              44              43               1
           20                    50              51              54              53              41              42              45              44               1
           21                    55              56              59              58              46              47              50              49               1
           22                    56              57              60              59              47              48              51              50               1
           23                    58              59              62              61              49              50              53              52               1
           24                    59              60              63              62              50              51              54              53               1
           25                    64              65              68              67              55              56              59              58               1
           26                    65              66              69              68              56              57              60              59               1
           27                    67              68              71              70              58              59              62              61               1
           28                    68              69              72              71              59              60              63              62               1
           29                    73              74              77              76              64              65              68              67               1
           30                    74              75              78              77              65              66              69              68               1
           31                    76              77              80              79              67              68              71              70               1
           32                    77              78              81              80              68              69              72              71               1
           33                    82              83              86              85              73              74              77              76               1
           34                    83              84              87              86              74              75              78              77               1
           35                    85              86              89              88              76              77              80              79               1
           36                    86              87              90              89              77              78              81              80               1
           37                    91              92              95              94              82              83              86              85               1
           38                    92              93              96              95              83              84              87              86               1
           39                    94              95              98              97              85              86              89              88               1
           40                    95              96              99              98              86              87              90              89               1


  TOTAL SYSTEM DATA

     NUMBER OF EQUATIONS . . . . . . . . . . . . . .(NEQ) =        270
     NUMBER OF MATRIX ELEMENTS . . . . . . . . . . .(NWK) =       9261
     MAXIMUM HALF BANDWIDTH  . . . . . . . . . . . .(MK ) =         42
     MEAN HALF BANDWIDTH . . . . . . . . . . . . . .(MM ) =         34
Eigenvalues computed using eig:
7.675373e-03     7.675373e-03     1.600162e-01     2.313530e-01     2.313530e-01     4.252873e-01     1.384691e+00     1.384691e+00     1.463976e+00     3.873106e+00     

Frequency computed using eig:
1.394344e-02     1.394344e-02     6.366520e-02     7.655221e-02     7.655221e-02     1.037914e-01     1.872822e-01     1.872822e-01     1.925693e-01     3.132203e-01     

Eigenvalues computed using stapmat:
7.675373e-03     7.675373e-03     1.600163e-01     2.313529e-01     2.313530e-01     4.252871e-01     1.384701e+00     1.384701e+00     1.463954e+00     3.873136e+00     

Frequency computed using stapmat:
1.394344e-02     1.394344e-02     6.366521e-02     7.655219e-02     7.655221e-02     1.037914e-01     1.872829e-01     1.872829e-01     1.925679e-01     3.132215e-01     





 S O L U T I O N   T I M E   L O G   I N   S E C

     TIME FOR INPUT PHASE  . . . . . . . . . . . . . . =         0.05
     TIME FOR CALCULATION OF STIFFNESS MATRIX  . . . . =         0.07
     TIME FOR FACTORIZATION OF STIFFNESS MATRIX  . . . = -63821268581.87
     TIME FOR LOAD CASE SOLUTIONS  . . . . . . . . . . =         0.00

     TIME FOR Eigenvalues  . . . . . . . . . . . . . . = 63821268582.09

      T O T A L   S O L U T I O N   T I M E  . . . . . =         0.33
