									 0.                 0.         
                7.5E-03           -5.85224E-06
               15.E-03           -12.4419E-06 
               22.5E-03          -18.7012E-06 
               30.E-03           -24.9653E-06 
               37.5E-03          -30.1708E-06 
               45.E-03           -33.5505E-06 
               52.5E-03          -36.4739E-06 
               60.E-03           -43.2933E-06 
               67.5E-03          -56.642E-06  
               75.E-03           -71.2471E-06 
               82.5E-03          -82.7085E-06 
               90.E-03           -92.9193E-06 
               97.5E-03         -101.594E-06  
              105.E-03          -105.495E-06  
              112.5E-03         -107.846E-06  
              120.E-03          -113.431E-06  
              127.5E-03         -121.782E-06  
              135.E-03          -130.499E-06  
              142.5E-03         -136.182E-06  
              150.E-03          -137.26E-06   
              157.5E-03         -135.708E-06  
              165.E-03          -130.48E-06   
              172.5E-03         -122.175E-06  
              180.E-03          -116.099E-06  
              187.5E-03         -113.785E-06  
              195.E-03          -111.457E-06  
              202.5E-03         -106.154E-06  
              210.E-03           -97.8394E-06 
              217.5E-03          -87.0136E-06 
              225.E-03           -73.6873E-06 
              232.5E-03          -59.8821E-06 
              240.E-03           -49.1025E-06 
              247.5E-03          -42.9094E-06 
              255.E-03           -39.3491E-06 
              262.5E-03          -34.4933E-06 
              270.E-03           -27.5395E-06 
              277.5E-03          -20.1788E-06 
              285.E-03           -12.3098E-06 
              292.5E-03           -5.21406E-06
              300.E-03            -2.58215E-06
              307.5E-03           -5.61179E-06
              315.E-03           -11.6973E-06 
              322.5E-03          -17.5638E-06 
              330.E-03           -21.8519E-06 
              337.5E-03          -25.1497E-06 
              345.E-03           -28.3694E-06 
              352.5E-03          -32.5256E-06 
              360.E-03           -39.8843E-06 
              367.5E-03          -51.8948E-06 
              375.E-03           -66.1275E-06 
              382.5E-03          -78.6379E-06 
              390.E-03           -88.0202E-06 
              397.5E-03          -94.9471E-06 
              405.E-03          -100.1E-06    
              412.5E-03         -104.702E-06  
              420.E-03          -110.939E-06  
              427.5E-03         -119.669E-06  
              435.E-03          -128.9E-06    
              442.5E-03         -135.252E-06  
              450.E-03          -136.918E-06  
              457.5E-03         -134.741E-06  
              465.E-03          -130.197E-06  
              472.5E-03         -124.57E-06   
              480.E-03          -119.916E-06  
              487.5E-03         -117.464E-06  
              495.E-03          -115.479E-06  
              502.5E-03         -110.895E-06  
              510.E-03          -102.327E-06  
              517.5E-03          -90.6592E-06 
              525.E-03           -77.673E-06  
              532.5E-03          -65.2039E-06 
              540.E-03           -55.132E-06  
              547.5E-03          -48.4716E-06 
              555.E-03           -43.923E-06  
              562.5E-03          -38.6037E-06 
              570.E-03           -30.939E-06  
              577.5E-03          -21.8758E-06 
              585.E-03           -13.2849E-06 
              592.5E-03           -6.87114E-06
              600.E-03            -4.28093E-06
              607.5E-03           -6.1764E-06 
              615.E-03           -11.0142E-06 
              622.5E-03          -15.9304E-06 
              630.E-03           -19.1371E-06 
              637.5E-03          -21.1331E-06 
              645.E-03           -23.6856E-06 
              652.5E-03          -28.3939E-06 
              660.E-03           -36.3838E-06 
              667.5E-03          -47.8957E-06 
              675.E-03           -61.2721E-06 
              682.5E-03          -73.5257E-06 
              690.E-03           -82.7141E-06 
              697.5E-03          -89.1996E-06 
              705.E-03           -94.6479E-06 
              712.5E-03         -100.669E-06  
              720.E-03          -108.302E-06  
              727.5E-03         -117.566E-06  
              735.E-03          -126.86E-06   
              742.5E-03         -133.505E-06  
              750.E-03          -135.703E-06  
              757.5E-03         -133.91E-06   
              765.E-03          -130.08E-06   
              772.5E-03         -126.096E-06  
              780.E-03          -123.12E-06   
              787.5E-03         -121.299E-06  
              795.E-03          -119.287E-06  
              802.5E-03         -114.787E-06  
              810.E-03          -106.362E-06  
              817.5E-03          -94.6905E-06 
              825.E-03           -81.9487E-06 
              832.5E-03          -70.3119E-06 
              840.E-03           -61.0622E-06 
              847.5E-03          -54.3194E-06 
              855.E-03           -48.8577E-06 
              862.5E-03          -42.5956E-06 
              870.E-03           -34.1942E-06 
              877.5E-03          -24.3213E-06 
              885.E-03           -15.1223E-06 
              892.5E-03           -8.70111E-06
              900.E-03            -6.16661E-06
              907.5E-03           -7.36101E-06
              915.E-03           -10.822E-06  
              922.5E-03          -14.3672E-06 
              930.E-03           -16.5257E-06 
              937.5E-03          -17.6899E-06 
              945.E-03           -19.7274E-06 
              952.5E-03          -24.5044E-06 
              960.E-03           -32.8051E-06 
              967.5E-03          -44.0959E-06 
              975.E-03           -56.6509E-06 
              982.5E-03          -68.1586E-06 
              990.E-03           -77.0478E-06 
              997.5E-03          -83.5643E-06 
                1.005            -89.4227E-06 
                1.0125           -96.3946E-06 
                1.02            -105.181E-06  
                1.0275          -115.138E-06  
                1.035           -124.529E-06  
                1.0425          -131.211E-06  
                1.05            -133.825E-06  
                1.0575          -132.776E-06  
                1.065           -129.942E-06  
                1.0725          -127.292E-06  
                1.08            -125.717E-06  
                1.0875          -124.741E-06  
                1.095           -122.859E-06  
                1.1025          -118.264E-06  
                1.11            -109.971E-06  
                1.1175           -98.6712E-06 
                1.125            -86.4561E-06 
                1.1325           -75.5013E-06 
                1.14             -66.8612E-06 
                1.1475           -60.1578E-06 
                1.155            -53.9904E-06 
                1.1625           -46.7239E-06 
                1.17             -37.5275E-06 
                1.1775           -27.147E-06  
                1.185            -17.6261E-06 
                1.1925           -11.0423E-06 
                1.2               -8.3071E-06 
                1.2075            -8.84412E-06
                1.215            -11.0495E-06 
                1.2225           -13.1437E-06 
                1.23             -14.1658E-06 
                1.2375           -14.6516E-06 
                1.245            -16.356E-06  
                1.2525           -21.05E-06   
                1.26             -29.3351E-06 
                1.2675           -40.3184E-06 
                1.275            -52.1244E-06 
                1.2825           -62.7948E-06 
                1.29             -71.2498E-06 
                1.2975           -77.8877E-06 
                1.305            -84.2903E-06 
                1.3125           -92.0701E-06 
                1.32            -101.714E-06  
                1.3275          -112.252E-06  
                1.335           -121.803E-06  
                1.3425          -128.509E-06  
                1.35            -131.471E-06  
                1.3575          -131.258E-06  
                1.365           -129.594E-06  
                1.3725          -128.236E-06  
                1.38            -127.845E-06  
                1.3875          -127.655E-06  
                1.395           -126.028E-06  
                1.4025          -121.423E-06  
                1.41            -113.286E-06  
                1.4175          -102.5E-06    
                1.425            -91.0166E-06 
                1.4325           -80.7769E-06 
                1.44             -72.609E-06  
                1.4475           -65.8997E-06 
                1.455            -59.1615E-06 
                1.4625           -51.0176E-06 
                1.47             -41.0752E-06 
                1.4775           -30.3006E-06 
                1.485            -20.6264E-06 
                1.4925           -13.895E-06  
                1.5              -10.8017E-06 




