                0.                 0.         
              555.556E-06         -1.11062    
                1.11111E-03       -3.93312    
                1.66667E-03       -7.28623    
                2.22222E-03       -9.92849    
                2.77778E-03      -11.1079     
                3.33333E-03      -10.712      
                3.88889E-03       -9.01354    
                4.44444E-03       -6.35365    
                5.E-03            -2.94832    
                5.55556E-03        1.05173    
                6.11111E-03        5.51085    
                6.66667E-03       10.2728     
                7.22222E-03       15.1224     
                7.77778E-03       19.7445     
                8.33333E-03       23.6435     
                8.88889E-03       26.0884     
                9.44444E-03       26.1989     
               10.E-03            23.2107     
               10.5556E-03        16.8582     
               11.1111E-03         7.65068    
               11.6667E-03        -3.14269    
               12.2222E-03       -13.8506     
               12.7778E-03       -22.9392     
               13.3333E-03       -29.4436     
               13.8889E-03       -33.0873     
               14.4444E-03       -34.0637     
               15.E-03           -32.6754     
               15.5556E-03       -29.076      
               16.1111E-03       -23.2615     
               16.6667E-03       -15.2706     
               17.2222E-03        -5.42397    
               17.7778E-03         5.55565    
               18.3333E-03        16.5999     
               18.8889E-03        26.4682     
               19.4444E-03        33.9508     
               20.E-03            38.0558     
               20.5556E-03        38.1823     
               21.1111E-03        34.2841     
               21.6667E-03        26.9604     
               22.2222E-03        17.3864     
               22.7778E-03         7.03254    
               23.3333E-03        -2.74761    
               23.8889E-03       -11.0731     
               24.4444E-03       -17.6448     
               25.E-03           -22.5535     
               25.5556E-03       -25.9206     
               26.1111E-03       -27.6181     
               26.6667E-03       -27.2566     
               27.2222E-03       -24.4503     
               27.7778E-03       -19.1783     
               28.3333E-03       -12.0025     
               28.8889E-03        -4.00037    
               29.4444E-03         3.54471    
               30.E-03             9.52393    
               30.5556E-03        13.2743     
               31.1111E-03        14.6614     
               31.6667E-03        14.0088     
               32.2222E-03        11.9536     
               32.7778E-03         9.28153    
               33.3333E-03         6.74892    
               33.8889E-03         4.89654    
               34.4444E-03         3.90655    
               35.E-03             3.58568    
               35.5556E-03         3.52197    
               36.1111E-03         3.35699    
               36.6667E-03         3.01706    
               37.2222E-03         2.74294    
               37.7778E-03         2.87561    
               38.3333E-03         3.52332    
               38.8889E-03         4.33405    
               39.4444E-03         4.54648    
               40.E-03             3.31956    
               40.5556E-03       162.184E-03  
               41.1111E-03        -4.77844    
               41.6667E-03       -10.7192     
               42.2222E-03       -16.5096     
               42.7778E-03       -21.0041     
               43.3333E-03       -23.3601     
               43.8889E-03       -23.1694     
               44.4444E-03       -20.4434     
               45.E-03           -15.5263     
               45.5556E-03        -8.98773    
               46.1111E-03        -1.50616    
               46.6667E-03         6.25878    
               47.2222E-03        13.7738     
               47.7778E-03        20.6563     
               48.3333E-03        26.5791     
               48.8889E-03        31.1038     
               49.4444E-03        33.5713     
               50.E-03            33.1809     




