********************************************************************************
Field Output Report, written Mon May 30 17:00:29 2022

Source 1
---------

   ODB: D:/SIMULIA/Temp/Job-C3D20-canbeam-element320.odb
   Step: Step-1
   Frame: Increment      1: Step Time =    1.000

Loc 1 : Nodal values from source 1

Output sorted by column "Node Label".

Field Output reported at nodes for part: PART-1-1

            Node            U.U2
           Label          @Loc 1
---------------------------------
               1    -107.109E-36
               2    -58.7616E-36
               3    -58.1135E-36
               4    -59.4956E-36
               5    -99.4448E-36
               6    -188.212E-36
               7    -131.372E-36
               8    -127.680E-36
               9    -133.841E-36
              10    -181.967E-36
              11    -186.511E-36
              12    -115.363E-36
              13    -97.6496E-36
              14    -115.363E-36
              15    -186.511E-36
              16    -181.967E-36
              17    -133.841E-36
              18    -127.680E-36
              19    -131.372E-36
              20    -188.212E-36
              21    -99.4448E-36
              22    -59.4956E-36
              23    -58.1135E-36
              24    -58.7616E-36
              25    -107.109E-36
              26    -2.54307E-03
              27    -723.019E-06
              28     17.4646E-06
              29    -540.044E-06
              30    -2.13865E-03
              31    -3.74805E-03
              32    -1.80145E-03
              33    -1.10586E-03
              34    -1.70547E-03
              35    -3.53503E-03
              36    -3.97154E-03
              37    -2.06535E-03
              38    -1.39649E-03
              39    -2.06535E-03
              40    -3.97154E-03
              41    -3.53503E-03
              42    -1.70547E-03
              43    -1.10586E-03
              44    -1.80145E-03
              45    -3.74805E-03
              46    -2.13865E-03
              47    -540.044E-06
              48     17.4645E-06
              49    -723.019E-06
              50    -2.54307E-03
              51    -7.85388E-03
              52    -5.96778E-03
              53    -5.22016E-03
              54    -5.72223E-03
              55    -7.34729E-03
              56    -9.39932E-03
              57    -7.48843E-03
              58    -6.79818E-03
              59    -7.36282E-03
              60    -9.14436E-03
              61    -9.79102E-03
              62    -7.89874E-03
              63    -7.25567E-03
              64    -7.89874E-03
              65    -9.79103E-03
              66    -9.14436E-03
              67    -7.36282E-03
              68    -6.79818E-03
              69    -7.48843E-03
              70    -9.39932E-03
              71    -7.34728E-03
              72    -5.72223E-03
              73    -5.22016E-03
              74    -5.96778E-03
              75    -7.85388E-03
              76    -17.3784E-03
              77    -15.4520E-03
              78    -14.7160E-03
              79    -15.1875E-03
              80    -16.8475E-03
              81    -19.0190E-03
              82    -17.1319E-03
              83    -16.4576E-03
              84    -16.9983E-03
              85    -18.7527E-03
              86    -19.4628E-03
              87    -17.6250E-03
              88    -17.0104E-03
              89    -17.6250E-03
              90    -19.4628E-03
              91    -18.7527E-03
              92    -16.9983E-03
              93    -16.4576E-03
              94    -17.1319E-03
              95    -19.0190E-03
              96    -16.8475E-03
              97    -15.1875E-03
              98    -14.7160E-03
              99    -15.4520E-03
             100    -17.3784E-03
             101    -30.9747E-03
             102    -29.0398E-03
             103    -28.3042E-03
             104    -28.7723E-03
             105    -30.4396E-03
             106    -32.6396E-03
             107    -30.7649E-03
             108    -30.0951E-03
             109    -30.6306E-03
             110    -32.3718E-03
             111    -33.1008E-03
             112    -31.2871E-03
             113    -30.6822E-03
             114    -31.2871E-03
             115    -33.1008E-03
             116    -32.3718E-03
             117    -30.6306E-03
             118    -30.0951E-03
             119    -30.7649E-03
             120    -32.6396E-03
             121    -30.4396E-03
             122    -28.7723E-03
             123    -28.3042E-03
             124    -29.0398E-03
             125    -30.9747E-03
             126    -48.6179E-03
             127    -46.6775E-03
             128    -45.9414E-03
             129    -46.4095E-03
             130    -48.0821E-03
             131    -50.2900E-03
             132    -48.4151E-03
             133    -47.7457E-03
             134    -48.2809E-03
             135    -50.0219E-03
             136    -50.7567E-03
             137    -48.9471E-03
             138    -48.3443E-03
             139    -48.9472E-03
             140    -50.7567E-03
             141    -50.0219E-03
             142    -48.2809E-03
             143    -47.7457E-03
             144    -48.4151E-03
             145    -50.2900E-03
             146    -48.0821E-03
             147    -46.4095E-03
             148    -45.9413E-03
             149    -46.6775E-03
             150    -48.6179E-03
             151    -70.2837E-03
             152    -68.3420E-03
             153    -67.6055E-03
             154    -68.0741E-03
             155    -69.7479E-03
             156    -71.9572E-03
             157    -70.0825E-03
             158    -69.4130E-03
             159    -69.9485E-03
             160    -71.6893E-03
             161    -72.4255E-03
             162    -70.6173E-03
             163    -70.0146E-03
             164    -70.6173E-03
             165    -72.4255E-03
             166    -71.6893E-03
             167    -69.9484E-03
             168    -69.4129E-03
             169    -70.0825E-03
             170    -71.9572E-03
             171    -69.7479E-03
             172    -68.0741E-03
             173    -67.6055E-03
             174    -68.3420E-03
             175    -70.2837E-03
             176    -95.9689E-03
             177    -94.0270E-03
             178    -93.2903E-03
             179    -93.7591E-03
             180    -95.4331E-03
             181    -97.6429E-03
             182    -95.7680E-03
             183    -95.0984E-03
             184    -95.6340E-03
             185    -97.3750E-03
             186    -98.1115E-03
             187    -96.3035E-03
             188    -95.7008E-03
             189    -96.3035E-03
             190    -98.1115E-03
             191    -97.3750E-03
             192    -95.6340E-03
             193    -95.0983E-03
             194    -95.7679E-03
             195    -97.6429E-03
             196    -95.4331E-03
             197    -93.7590E-03
             198    -93.2903E-03
             199    -94.0269E-03
             200    -95.9689E-03
             201    -125.672E-03
             202    -123.730E-03
             203    -122.994E-03
             204    -123.462E-03
             205    -125.136E-03
             206    -127.346E-03
             207    -125.471E-03
             208    -124.802E-03
             209    -125.337E-03
             210    -127.078E-03
             211    -127.815E-03
             212    -126.007E-03
             213    -125.404E-03
             214    -126.007E-03
             215    -127.815E-03
             216    -127.078E-03
             217    -125.337E-03
             218    -124.802E-03
             219    -125.471E-03
             220    -127.346E-03
             221    -125.136E-03
             222    -123.462E-03
             223    -122.994E-03
             224    -123.730E-03
             225    -125.672E-03
             226    -159.394E-03
             227    -157.452E-03
             228    -156.715E-03
             229    -157.184E-03
             230    -158.858E-03
             231    -161.068E-03
             232    -159.193E-03
             233    -158.523E-03
             234    -159.059E-03
             235    -160.800E-03
             236    -161.536E-03
             237    -159.728E-03
             238    -159.126E-03
             239    -159.728E-03
             240    -161.536E-03
             241    -160.800E-03
             242    -159.059E-03
             243    -158.523E-03
             244    -159.192E-03
             245    -161.067E-03
             246    -158.858E-03
             247    -157.184E-03
             248    -156.715E-03
             249    -157.451E-03
             250    -159.393E-03
             251    -197.133E-03
             252    -195.191E-03
             253    -194.454E-03
             254    -194.922E-03
             255    -196.596E-03
             256    -198.807E-03
             257    -196.932E-03
             258    -196.262E-03
             259    -196.798E-03
             260    -198.538E-03
             261    -199.276E-03
             262    -197.468E-03
             263    -196.865E-03
             264    -197.467E-03
             265    -199.275E-03
             266    -198.539E-03
             267    -196.798E-03
             268    -196.262E-03
             269    -196.931E-03
             270    -198.806E-03
             271    -196.597E-03
             272    -194.923E-03
             273    -194.454E-03
             274    -195.190E-03
             275    -197.132E-03
             276    -238.891E-03
             277    -236.949E-03
             278    -236.211E-03
             279    -236.679E-03
             280    -238.352E-03
             281    -240.564E-03
             282    -238.689E-03
             283    -238.019E-03
             284    -238.554E-03
             285    -240.295E-03
             286    -241.032E-03
             287    -239.225E-03
             288    -238.622E-03
             289    -239.224E-03
             290    -241.032E-03
             291    -240.296E-03
             292    -238.555E-03
             293    -238.019E-03
             294    -238.688E-03
             295    -240.563E-03
             296    -238.355E-03
             297    -236.680E-03
             298    -236.210E-03
             299    -236.946E-03
             300    -238.888E-03
             301    -284.666E-03
             302    -282.724E-03
             303    -281.986E-03
             304    -282.453E-03
             305    -284.126E-03
             306    -286.338E-03
             307    -284.464E-03
             308    -283.794E-03
             309    -284.329E-03
             310    -286.070E-03
             311    -286.806E-03
             312    -284.999E-03
             313    -284.397E-03
             314    -284.999E-03
             315    -286.808E-03
             316    -286.070E-03
             317    -284.330E-03
             318    -283.794E-03
             319    -284.463E-03
             320    -286.339E-03
             321    -284.129E-03
             322    -282.454E-03
             323    -281.985E-03
             324    -282.721E-03
             325    -284.664E-03
             326    -334.456E-03
             327    -332.515E-03
             328    -331.778E-03
             329    -332.246E-03
             330    -333.919E-03
             331    -336.127E-03
             332    -334.254E-03
             333    -333.586E-03
             334    -334.123E-03
             335    -335.865E-03
             336    -336.593E-03
             337    -334.788E-03
             338    -334.189E-03
             339    -334.794E-03
             340    -336.605E-03
             341    -335.857E-03
             342    -334.118E-03
             343    -333.587E-03
             344    -334.261E-03
             345    -336.138E-03
             346    -333.918E-03
             347    -332.243E-03
             348    -331.778E-03
             349    -332.519E-03
             350    -334.462E-03
             351    -388.253E-03
             352    -386.318E-03
             353    -385.589E-03
             354    -386.064E-03
             355    -387.737E-03
             356    -389.923E-03
             357    -388.053E-03
             358    -387.395E-03
             359    -387.941E-03
             360    -389.685E-03
             361    -390.392E-03
             362    -388.588E-03
             363    -387.998E-03
             364    -388.615E-03
             365    -390.428E-03
             366    -389.654E-03
             367    -387.921E-03
             368    -387.403E-03
             369    -388.089E-03
             370    -389.968E-03
             371    -387.704E-03
             372    -386.038E-03
             373    -385.594E-03
             374    -386.352E-03
             375    -388.298E-03
             376    -446.049E-03
             377    -444.127E-03
             378    -443.422E-03
             379    -443.917E-03
             380    -445.591E-03
             381    -447.717E-03
             382    -445.852E-03
             383    -445.220E-03
             384    -445.789E-03
             385    -447.536E-03
             386    -448.159E-03
             387    -446.349E-03
             388    -445.824E-03
             389    -446.471E-03
             390    -448.285E-03
             391    -447.420E-03
             392    -445.694E-03
             393    -445.250E-03
             394    -445.967E-03
             395    -447.846E-03
             396    -445.487E-03
             397    -443.844E-03
             398    -443.452E-03
             399    -444.250E-03
             400    -446.196E-03
             401    -507.845E-03
             402    -505.942E-03
             403    -505.284E-03
             404    -505.822E-03
             405    -507.496E-03
             406    -509.488E-03
             407    -507.622E-03
             408    -507.063E-03
             409    -507.671E-03
             410    -509.422E-03
             411    -509.859E-03
             412    -508.146E-03
             413    -507.664E-03
             414    -508.375E-03
             415    -510.180E-03
             416    -509.151E-03
             417    -507.541E-03
             418    -507.140E-03
             419    -507.915E-03
             420    -509.774E-03
             421    -507.245E-03
             422    -505.685E-03
             423    -505.417E-03
             424    -506.247E-03
             425    -508.176E-03
             426    -573.634E-03
             427    -571.688E-03
             428    -571.111E-03
             429    -571.776E-03
             430    -573.465E-03
             431    -575.259E-03
             432    -573.422E-03
             433    -572.892E-03
             434    -573.581E-03
             435    -575.329E-03
             436    -575.808E-03
             437    -574.082E-03
             438    -573.594E-03
             439    -574.301E-03
             440    -576.081E-03
             441    -575.175E-03
             442    -573.569E-03
             443    -573.148E-03
             444    -573.895E-03
             445    -575.711E-03
             446    -573.373E-03
             447    -571.852E-03
             448    -571.496E-03
             449    -572.321E-03
             450    -574.196E-03
             451    -643.115E-03
             452    -641.185E-03
             453    -640.760E-03
             454    -641.732E-03
             455    -643.484E-03
             456    -644.965E-03
             457    -643.044E-03
             458    -642.545E-03
             459    -643.423E-03
             460    -645.192E-03
             461    -645.601E-03
             462    -643.874E-03
             463    -643.340E-03
             464    -644.136E-03
             465    -645.882E-03
             466    -645.104E-03
             467    -643.451E-03
             468    -642.919E-03
             469    -643.715E-03
             470    -645.509E-03
             471    -643.395E-03
             472    -641.869E-03
             473    -641.350E-03
             474    -642.288E-03
             475    -644.115E-03
             476    -717.420E-03
             477    -714.457E-03
             478    -714.134E-03
             479    -715.425E-03
             480    -717.230E-03
             481    -718.455E-03
             482    -716.565E-03
             483    -716.072E-03
             484    -716.993E-03
             485    -718.581E-03
             486    -718.839E-03
             487    -717.317E-03
             488    -716.520E-03
             489    -717.567E-03
             490    -719.132E-03
             491    -718.272E-03
             492    -716.660E-03
             493    -716.099E-03
             494    -717.059E-03
             495    -718.677E-03
             496    -716.879E-03
             497    -715.204E-03
             498    -714.397E-03
             499    -715.732E-03
             500    -717.517E-03
             501    -800.304E-03
             502    -794.219E-03
             503    -792.445E-03
             504    -791.424E-03
             505    -792.456E-03
             506    -795.132E-03
             507    -795.056E-03
             508    -793.876E-03
             509    -792.872E-03
             510    -793.592E-03
             511    -794.754E-03
             512    -793.850E-03
             513    -794.367E-03
             514    -793.158E-03
             515    -794.048E-03
             516    -793.782E-03
             517    -793.411E-03
             518    -793.181E-03
             519    -792.602E-03
             520    -793.382E-03
             521    -792.635E-03
             522    -791.460E-03
             523    -791.877E-03
             524    -791.236E-03
             525    -792.329E-03
             526    -3.28650E-03
             527    -2.53031E-03
             528    -1.43491E-03
             529    -1.42889E-03
             530     105.602E-36
             531     148.651E-36
             532     115.690E-36
             533    -248.833E-36
             534     372.268E-06
             535    -1.41534E-03
             536    -301.589E-06
             537    -2.02154E-03
             538    -1.27883E-03
             539    -738.918E-06
             540    -180.461E-06
             541     179.437E-36
             542     290.827E-36
             543     227.408E-36
             544     809.496E-06
             545     93.2640E-06
             546    -1.23404E-03
             547    -1.29462E-03
             548    -94.6128E-06
             549     185.710E-36
             550     170.909E-36
             551     234.613E-36
             552     471.604E-06
             553    -250.787E-06
             554    -2.38282E-03
             555    -2.97647E-03
             556    -1.14847E-03
             557     116.080E-36
             558    -210.771E-36
             559     127.569E-36
             560    -1.13124E-03
             561    -1.87242E-03
             562    -3.95002E-03
             563    -2.76967E-03
             564    -2.01360E-03
             565     62.8192E-36
             566     96.4308E-36
             567    -276.623E-36
             568    -397.929E-06
             569    -2.14390E-03
             570    -1.55058E-03
             571    -1.32755E-03
             572     184.467E-36
             573     180.379E-36
             574    -29.3777E-06
             575    -1.55058E-03
             576    -1.96492E-03
             577     70.0198E-36
             578     180.379E-36
             579    -397.929E-06
             580    -2.76967E-03
             581    -3.84167E-03
             582    -263.688E-36
             583     96.4308E-36
             584    -2.14390E-03
             585    -3.84167E-03
             586    -2.38282E-03
             587    -1.96492E-03
             588     70.0198E-36
             589     127.569E-36
             590    -263.688E-36
             591    -250.787E-06
             592    -1.87242E-03
             593    -1.23404E-03
             594    -1.32755E-03
             595     184.467E-36
             596     234.613E-36
             597     93.2640E-06
             598    -1.27883E-03
             599    -2.01360E-03
             600     62.8192E-36
             601     227.408E-36
             602    -301.589E-06
             603    -2.53031E-03
             604    -3.95002E-03
             605    -276.623E-36
             606     115.690E-36
             607    -2.02154E-03
             608    -2.97647E-03
             609    -1.14847E-03
             610    -1.29462E-03
             611     170.909E-36
             612     116.080E-36
             613    -210.771E-36
             614     471.604E-06
             615    -1.13124E-03
             616    -94.6129E-06
             617    -738.918E-06
             618     290.827E-36
             619     185.710E-36
             620     809.496E-06
             621    -180.461E-06
             622    -1.43491E-03
             623     148.651E-36
             624     179.437E-36
             625     372.268E-06
             626    -1.42889E-03
             627    -3.28650E-03
             628    -248.833E-36
             629     105.602E-36
             630    -1.41534E-03
             631    -8.78731E-03
             632    -8.31626E-03
             633    -6.88217E-03
             634    -6.78936E-03
             635    -2.80488E-03
             636    -4.68901E-03
             637    -4.15729E-03
             638    -6.12800E-03
             639    -6.99254E-03
             640    -6.17538E-03
             641    -5.44765E-03
             642    -2.05967E-03
             643    -3.46292E-03
             644    -6.92977E-03
             645    -6.69549E-03
             646    -5.32541E-03
             647    -2.58208E-03
             648    -4.04168E-03
             649    -8.12375E-03
             650    -8.40686E-03
             651    -6.41089E-03
             652    -4.21348E-03
             653    -5.88468E-03
             654    -9.72978E-03
             655    -8.71787E-03
             656    -7.81728E-03
             657    -4.50295E-03
             658    -6.45964E-03
             659    -7.42088E-03
             660    -7.14581E-03
             661    -3.84903E-03
             662    -7.42088E-03
             663    -7.75391E-03
             664    -4.50295E-03
             665    -8.71787E-03
             666    -9.60134E-03
             667    -6.45964E-03
             668    -9.60134E-03
             669    -8.12375E-03
             670    -7.75391E-03
             671    -4.04168E-03
             672    -5.88468E-03
             673    -6.92977E-03
             674    -7.14581E-03
             675    -3.46292E-03
             676    -6.99254E-03
             677    -7.81728E-03
             678    -4.15729E-03
             679    -8.31626E-03
             680    -9.72978E-03
             681    -6.12800E-03
             682    -8.40686E-03
             683    -6.41089E-03
             684    -6.69549E-03
             685    -2.58208E-03
             686    -4.21348E-03
             687    -5.32541E-03
             688    -6.17538E-03
             689    -2.05967E-03
             690    -5.44765E-03
             691    -6.88217E-03
             692    -2.80488E-03
             693    -6.78936E-03
             694    -8.78731E-03
             695    -4.68901E-03
             696    -18.3508E-03
             697    -17.9192E-03
             698    -16.4501E-03
             699    -16.2621E-03
             700    -10.1901E-03
             701    -12.1033E-03
             702    -11.8157E-03
             703    -13.7082E-03
             704    -16.6414E-03
             705    -15.7476E-03
             706    -14.9325E-03
             707    -9.44858E-03
             708    -11.1328E-03
             709    -16.5747E-03
             710    -16.2507E-03
             711    -14.8005E-03
             712    -9.93145E-03
             713    -11.6844E-03
             714    -17.7192E-03
             715    -17.9521E-03
             716    -15.8647E-03
             717    -11.5801E-03
             718    -13.4460E-03
             719    -19.3857E-03
             720    -18.3865E-03
             721    -17.5211E-03
             722    -12.2768E-03
             723    -14.1346E-03
             724    -17.1624E-03
             725    -16.8750E-03
             726    -11.6496E-03
             727    -17.1624E-03
             728    -17.4541E-03
             729    -12.2768E-03
             730    -18.3865E-03
             731    -19.2524E-03
             732    -14.1346E-03
             733    -19.2524E-03
             734    -17.7192E-03
             735    -17.4541E-03
             736    -11.6844E-03
             737    -13.4460E-03
             738    -16.5747E-03
             739    -16.8750E-03
             740    -11.1328E-03
             741    -16.6414E-03
             742    -17.5211E-03
             743    -11.8157E-03
             744    -17.9192E-03
             745    -19.3857E-03
             746    -13.7082E-03
             747    -17.9521E-03
             748    -15.8647E-03
             749    -16.2506E-03
             750    -9.93145E-03
             751    -11.5801E-03
             752    -14.8005E-03
             753    -15.7476E-03
             754    -9.44858E-03
             755    -14.9325E-03
             756    -16.4501E-03
             757    -10.1901E-03
             758    -16.2621E-03
             759    -18.3508E-03
             760    -12.1033E-03
             761    -31.9589E-03
             762    -31.5523E-03
             763    -30.0549E-03
             764    -29.8579E-03
             765    -21.7370E-03
             766    -23.6676E-03
             767    -23.4471E-03
             768    -25.3253E-03
             769    -30.2801E-03
             770    -29.3534E-03
             771    -28.5226E-03
             772    -21.0022E-03
             773    -22.7762E-03
             774    -30.2129E-03
             775    -29.8538E-03
             776    -28.3887E-03
             777    -21.4702E-03
             778    -23.3129E-03
             779    -31.3511E-03
             780    -31.5574E-03
             781    -29.4563E-03
             782    -23.1338E-03
             783    -25.0579E-03
             784    -33.0198E-03
             785    -32.0439E-03
             786    -31.1740E-03
             787    -23.9595E-03
             788    -25.7803E-03
             789    -30.8342E-03
             790    -30.5361E-03
             791    -23.3515E-03
             792    -30.8342E-03
             793    -31.1068E-03
             794    -23.9595E-03
             795    -32.0439E-03
             796    -32.8858E-03
             797    -25.7803E-03
             798    -32.8858E-03
             799    -31.3510E-03
             800    -31.1068E-03
             801    -23.3129E-03
             802    -25.0579E-03
             803    -30.2129E-03
             804    -30.5361E-03
             805    -22.7762E-03
             806    -30.2801E-03
             807    -31.1740E-03
             808    -23.4471E-03
             809    -31.5523E-03
             810    -33.0198E-03
             811    -25.3253E-03
             812    -31.5574E-03
             813    -29.4563E-03
             814    -29.8538E-03
             815    -21.4702E-03
             816    -23.1338E-03
             817    -28.3887E-03
             818    -29.3534E-03
             819    -21.0022E-03
             820    -28.5226E-03
             821    -30.0549E-03
             822    -21.7370E-03
             823    -29.8579E-03
             824    -31.9589E-03
             825    -23.6676E-03
             826    -49.6048E-03
             827    -49.2015E-03
             828    -47.6978E-03
             829    -47.4969E-03
             830    -37.3542E-03
             831    -39.2929E-03
             832    -39.0879E-03
             833    -40.9626E-03
             834    -47.9297E-03
             835    -46.9953E-03
             836    -46.1588E-03
             837    -36.6183E-03
             838    -38.4185E-03
             839    -47.8625E-03
             840    -47.4966E-03
             841    -46.0248E-03
             842    -37.0862E-03
             843    -38.9536E-03
             844    -49.0004E-03
             845    -49.2028E-03
             846    -47.0950E-03
             847    -38.7572E-03
             848    -40.6946E-03
             849    -50.6736E-03
             850    -49.7008E-03
             851    -48.8312E-03
             852    -39.6166E-03
             853    -41.4276E-03
             854    -48.4948E-03
             855    -48.1950E-03
             856    -39.0133E-03
             857    -48.4948E-03
             858    -48.7641E-03
             859    -39.6166E-03
             860    -49.7008E-03
             861    -50.5395E-03
             862    -41.4276E-03
             863    -50.5395E-03
             864    -49.0004E-03
             865    -48.7641E-03
             866    -38.9536E-03
             867    -40.6946E-03
             868    -47.8625E-03
             869    -48.1950E-03
             870    -38.4185E-03
             871    -47.9296E-03
             872    -48.8312E-03
             873    -39.0878E-03
             874    -49.2015E-03
             875    -50.6736E-03
             876    -40.9626E-03
             877    -49.2028E-03
             878    -47.0950E-03
             879    -47.4966E-03
             880    -37.0862E-03
             881    -38.7572E-03
             882    -46.0247E-03
             883    -46.9953E-03
             884    -36.6183E-03
             885    -46.1588E-03
             886    -47.6978E-03
             887    -37.3542E-03
             888    -47.4969E-03
             889    -49.6048E-03
             890    -39.2929E-03
             891    -71.2712E-03
             892    -70.8692E-03
             893    -69.3631E-03
             894    -69.1622E-03
             895    -57.0069E-03
             896    -58.9481E-03
             897    -58.7465E-03
             898    -60.6213E-03
             899    -69.5971E-03
             900    -68.6602E-03
             901    -67.8232E-03
             902    -56.2705E-03
             903    -58.0771E-03
             904    -69.5301E-03
             905    -69.1621E-03
             906    -67.6892E-03
             907    -56.7389E-03
             908    -58.6124E-03
             909    -70.6682E-03
             910    -70.8693E-03
             911    -68.7604E-03
             912    -58.4123E-03
             913    -60.3533E-03
             914    -72.3420E-03
             915    -71.3708E-03
             916    -70.5004E-03
             917    -59.2805E-03
             918    -61.0891E-03
             919    -70.1654E-03
             920    -69.8643E-03
             921    -58.6778E-03
             922    -70.1654E-03
             923    -70.4334E-03
             924    -59.2805E-03
             925    -71.3708E-03
             926    -72.2080E-03
             927    -61.0891E-03
             928    -72.2080E-03
             929    -70.6682E-03
             930    -70.4334E-03
             931    -58.6124E-03
             932    -60.3533E-03
             933    -69.5301E-03
             934    -69.8643E-03
             935    -58.0771E-03
             936    -69.5971E-03
             937    -70.5004E-03
             938    -58.7465E-03
             939    -70.8692E-03
             940    -72.3420E-03
             941    -60.6213E-03
             942    -70.8693E-03
             943    -68.7603E-03
             944    -69.1621E-03
             945    -56.7389E-03
             946    -58.4123E-03
             947    -67.6892E-03
             948    -68.6601E-03
             949    -56.2705E-03
             950    -67.8232E-03
             951    -69.3631E-03
             952    -57.0069E-03
             953    -69.1622E-03
             954    -71.2712E-03
             955    -58.9481E-03
             956    -96.9566E-03
             957    -96.5547E-03
             958    -95.0482E-03
             959    -94.8472E-03
             960    -80.6821E-03
             961    -82.6240E-03
             962    -82.4230E-03
             963    -84.2979E-03
             964    -95.2825E-03
             965    -94.3451E-03
             966    -93.5080E-03
             967    -79.9455E-03
             968    -81.7534E-03
             969    -95.2155E-03
             970    -94.8472E-03
             971    -93.3740E-03
             972    -80.4142E-03
             973    -82.2890E-03
             974    -96.3538E-03
             975    -96.5547E-03
             976    -94.4454E-03
             977    -82.0882E-03
             978    -84.0299E-03
             979    -98.0279E-03
             980    -97.0568E-03
             981    -96.1864E-03
             982    -82.9583E-03
             983    -84.7664E-03
             984    -95.8515E-03
             985    -95.5502E-03
             986    -82.3556E-03
             987    -95.8515E-03
             988    -96.1194E-03
             989    -82.9583E-03
             990    -97.0568E-03
             991    -97.8939E-03
             992    -84.7664E-03
             993    -97.8939E-03
             994    -96.3538E-03
             995    -96.1194E-03
             996    -82.2890E-03
             997    -84.0299E-03
             998    -95.2155E-03
             999    -95.5502E-03
            1000    -81.7534E-03
            1001    -95.2824E-03
            1002    -96.1863E-03
            1003    -82.4229E-03
            1004    -96.5547E-03
            1005    -98.0278E-03
            1006    -84.2978E-03
            1007    -96.5547E-03
            1008    -94.4454E-03
            1009    -94.8472E-03
            1010    -80.4142E-03
            1011    -82.0882E-03
            1012    -93.3740E-03
            1013    -94.3450E-03
            1014    -79.9455E-03
            1015    -93.5079E-03
            1016    -95.0481E-03
            1017    -80.6821E-03
            1018    -94.8472E-03
            1019    -96.9565E-03
            1020    -82.6240E-03
            1021    -126.660E-03
            1022    -126.258E-03
            1023    -124.752E-03
            1024    -124.551E-03
            1025    -108.376E-03
            1026    -110.318E-03
            1027    -110.117E-03
            1028    -111.992E-03
            1029    -124.986E-03
            1030    -124.048E-03
            1031    -123.211E-03
            1032    -107.640E-03
            1033    -109.448E-03
            1034    -124.919E-03
            1035    -124.551E-03
            1036    -123.077E-03
            1037    -108.108E-03
            1038    -109.983E-03
            1039    -126.057E-03
            1040    -126.258E-03
            1041    -124.149E-03
            1042    -109.783E-03
            1043    -111.724E-03
            1044    -127.731E-03
            1045    -126.760E-03
            1046    -125.890E-03
            1047    -110.653E-03
            1048    -112.461E-03
            1049    -125.555E-03
            1050    -125.254E-03
            1051    -110.050E-03
            1052    -125.555E-03
            1053    -125.823E-03
            1054    -110.653E-03
            1055    -126.760E-03
            1056    -127.597E-03
            1057    -112.461E-03
            1058    -127.597E-03
            1059    -126.057E-03
            1060    -125.823E-03
            1061    -109.983E-03
            1062    -111.724E-03
            1063    -124.919E-03
            1064    -125.254E-03
            1065    -109.448E-03
            1066    -124.986E-03
            1067    -125.890E-03
            1068    -110.117E-03
            1069    -126.258E-03
            1070    -127.731E-03
            1071    -111.992E-03
            1072    -126.258E-03
            1073    -124.149E-03
            1074    -124.550E-03
            1075    -108.108E-03
            1076    -109.783E-03
            1077    -123.077E-03
            1078    -124.048E-03
            1079    -107.640E-03
            1080    -123.211E-03
            1081    -124.751E-03
            1082    -108.376E-03
            1083    -124.550E-03
            1084    -126.660E-03
            1085    -110.318E-03
            1086    -160.381E-03
            1087    -159.980E-03
            1088    -158.473E-03
            1089    -158.272E-03
            1090    -140.089E-03
            1091    -142.031E-03
            1092    -141.830E-03
            1093    -143.705E-03
            1094    -158.707E-03
            1095    -157.770E-03
            1096    -156.933E-03
            1097    -139.352E-03
            1098    -141.160E-03
            1099    -158.640E-03
            1100    -158.272E-03
            1101    -156.799E-03
            1102    -139.821E-03
            1103    -141.696E-03
            1104    -159.778E-03
            1105    -159.979E-03
            1106    -157.870E-03
            1107    -141.495E-03
            1108    -143.437E-03
            1109    -161.453E-03
            1110    -160.482E-03
            1111    -159.611E-03
            1112    -142.365E-03
            1113    -144.173E-03
            1114    -159.276E-03
            1115    -158.975E-03
            1116    -141.763E-03
            1117    -159.276E-03
            1118    -159.544E-03
            1119    -142.365E-03
            1120    -160.481E-03
            1121    -161.319E-03
            1122    -144.173E-03
            1123    -161.319E-03
            1124    -159.779E-03
            1125    -159.544E-03
            1126    -141.696E-03
            1127    -143.437E-03
            1128    -158.640E-03
            1129    -158.975E-03
            1130    -141.160E-03
            1131    -158.707E-03
            1132    -159.611E-03
            1133    -141.830E-03
            1134    -159.979E-03
            1135    -161.452E-03
            1136    -143.705E-03
            1137    -159.979E-03
            1138    -157.870E-03
            1139    -158.272E-03
            1140    -139.821E-03
            1141    -141.495E-03
            1142    -156.798E-03
            1143    -157.769E-03
            1144    -139.352E-03
            1145    -156.932E-03
            1146    -158.472E-03
            1147    -140.088E-03
            1148    -158.271E-03
            1149    -160.381E-03
            1150    -142.030E-03
            1151    -198.121E-03
            1152    -197.719E-03
            1153    -196.212E-03
            1154    -196.011E-03
            1155    -175.819E-03
            1156    -177.761E-03
            1157    -177.560E-03
            1158    -179.435E-03
            1159    -196.446E-03
            1160    -195.509E-03
            1161    -194.672E-03
            1162    -175.082E-03
            1163    -176.890E-03
            1164    -196.379E-03
            1165    -196.011E-03
            1166    -194.538E-03
            1167    -175.551E-03
            1168    -177.426E-03
            1169    -197.517E-03
            1170    -197.718E-03
            1171    -195.609E-03
            1172    -177.225E-03
            1173    -179.167E-03
            1174    -199.192E-03
            1175    -198.221E-03
            1176    -197.350E-03
            1177    -178.096E-03
            1178    -179.904E-03
            1179    -197.015E-03
            1180    -196.714E-03
            1181    -177.493E-03
            1182    -197.015E-03
            1183    -197.283E-03
            1184    -178.095E-03
            1185    -198.220E-03
            1186    -199.058E-03
            1187    -179.903E-03
            1188    -199.058E-03
            1189    -197.518E-03
            1190    -197.283E-03
            1191    -177.426E-03
            1192    -179.167E-03
            1193    -196.379E-03
            1194    -196.714E-03
            1195    -176.890E-03
            1196    -196.446E-03
            1197    -197.350E-03
            1198    -177.560E-03
            1199    -197.718E-03
            1200    -199.191E-03
            1201    -179.435E-03
            1202    -197.719E-03
            1203    -195.609E-03
            1204    -196.011E-03
            1205    -175.551E-03
            1206    -177.225E-03
            1207    -194.538E-03
            1208    -195.508E-03
            1209    -175.082E-03
            1210    -194.671E-03
            1211    -196.211E-03
            1212    -175.818E-03
            1213    -196.010E-03
            1214    -198.120E-03
            1215    -177.760E-03
            1216    -239.878E-03
            1217    -239.476E-03
            1218    -237.970E-03
            1219    -237.769E-03
            1220    -215.568E-03
            1221    -217.510E-03
            1222    -217.308E-03
            1223    -219.183E-03
            1224    -238.204E-03
            1225    -237.266E-03
            1226    -236.429E-03
            1227    -214.830E-03
            1228    -216.638E-03
            1229    -238.136E-03
            1230    -237.767E-03
            1231    -236.294E-03
            1232    -215.298E-03
            1233    -217.174E-03
            1234    -239.274E-03
            1235    -239.475E-03
            1236    -237.365E-03
            1237    -216.972E-03
            1238    -218.915E-03
            1239    -240.949E-03
            1240    -239.978E-03
            1241    -239.108E-03
            1242    -217.844E-03
            1243    -219.652E-03
            1244    -238.773E-03
            1245    -238.471E-03
            1246    -217.241E-03
            1247    -238.772E-03
            1248    -239.040E-03
            1249    -217.843E-03
            1250    -239.977E-03
            1251    -240.814E-03
            1252    -219.651E-03
            1253    -240.815E-03
            1254    -239.275E-03
            1255    -239.040E-03
            1256    -217.174E-03
            1257    -218.915E-03
            1258    -238.136E-03
            1259    -238.471E-03
            1260    -216.638E-03
            1261    -238.203E-03
            1262    -239.107E-03
            1263    -217.307E-03
            1264    -239.475E-03
            1265    -240.948E-03
            1266    -219.182E-03
            1267    -239.476E-03
            1268    -237.367E-03
            1269    -237.768E-03
            1270    -215.299E-03
            1271    -216.974E-03
            1272    -236.295E-03
            1273    -237.265E-03
            1274    -214.830E-03
            1275    -236.428E-03
            1276    -237.968E-03
            1277    -215.566E-03
            1278    -237.766E-03
            1279    -239.876E-03
            1280    -217.508E-03
            1281    -285.652E-03
            1282    -285.251E-03
            1283    -283.744E-03
            1284    -283.544E-03
            1285    -259.334E-03
            1286    -261.276E-03
            1287    -261.075E-03
            1288    -262.949E-03
            1289    -283.978E-03
            1290    -283.041E-03
            1291    -282.204E-03
            1292    -258.596E-03
            1293    -260.404E-03
            1294    -283.911E-03
            1295    -283.542E-03
            1296    -282.069E-03
            1297    -259.064E-03
            1298    -260.939E-03
            1299    -285.049E-03
            1300    -285.249E-03
            1301    -283.139E-03
            1302    -260.737E-03
            1303    -262.680E-03
            1304    -286.723E-03
            1305    -285.752E-03
            1306    -284.882E-03
            1307    -261.610E-03
            1308    -263.417E-03
            1309    -284.547E-03
            1310    -284.246E-03
            1311    -261.007E-03
            1312    -284.547E-03
            1313    -284.815E-03
            1314    -261.609E-03
            1315    -285.753E-03
            1316    -286.590E-03
            1317    -263.418E-03
            1318    -286.589E-03
            1319    -285.049E-03
            1320    -284.815E-03
            1321    -260.940E-03
            1322    -262.681E-03
            1323    -283.911E-03
            1324    -284.246E-03
            1325    -260.404E-03
            1326    -283.978E-03
            1327    -284.882E-03
            1328    -261.073E-03
            1329    -285.250E-03
            1330    -286.724E-03
            1331    -262.948E-03
            1332    -285.250E-03
            1333    -283.141E-03
            1334    -283.543E-03
            1335    -259.065E-03
            1336    -260.740E-03
            1337    -282.069E-03
            1338    -283.040E-03
            1339    -258.595E-03
            1340    -282.202E-03
            1341    -283.743E-03
            1342    -259.331E-03
            1343    -283.541E-03
            1344    -285.652E-03
            1345    -261.273E-03
            1346    -335.441E-03
            1347    -335.040E-03
            1348    -333.535E-03
            1349    -333.335E-03
            1350    -307.117E-03
            1351    -309.059E-03
            1352    -308.857E-03
            1353    -310.731E-03
            1354    -333.769E-03
            1355    -332.833E-03
            1356    -331.996E-03
            1357    -306.380E-03
            1358    -308.188E-03
            1359    -333.704E-03
            1360    -333.336E-03
            1361    -331.862E-03
            1362    -306.847E-03
            1363    -308.724E-03
            1364    -334.844E-03
            1365    -335.043E-03
            1366    -332.932E-03
            1367    -308.520E-03
            1368    -310.465E-03
            1369    -336.511E-03
            1370    -335.541E-03
            1371    -334.672E-03
            1372    -309.392E-03
            1373    -311.199E-03
            1374    -334.338E-03
            1375    -334.038E-03
            1376    -308.791E-03
            1377    -334.341E-03
            1378    -334.610E-03
            1379    -309.394E-03
            1380    -335.549E-03
            1381    -336.386E-03
            1382    -311.203E-03
            1383    -336.376E-03
            1384    -334.838E-03
            1385    -334.604E-03
            1386    -308.722E-03
            1387    -310.462E-03
            1388    -333.702E-03
            1389    -334.039E-03
            1390    -308.188E-03
            1391    -333.774E-03
            1392    -334.678E-03
            1393    -308.859E-03
            1394    -335.048E-03
            1395    -336.522E-03
            1396    -310.735E-03
            1397    -335.037E-03
            1398    -332.929E-03
            1399    -333.332E-03
            1400    -306.847E-03
            1401    -308.522E-03
            1402    -331.859E-03
            1403    -332.834E-03
            1404    -306.379E-03
            1405    -331.998E-03
            1406    -333.541E-03
            1407    -307.117E-03
            1408    -333.340E-03
            1409    -335.451E-03
            1410    -309.059E-03
            1411    -389.238E-03
            1412    -388.837E-03
            1413    -387.337E-03
            1414    -387.135E-03
            1415    -358.915E-03
            1416    -360.854E-03
            1417    -360.653E-03
            1418    -362.524E-03
            1419    -387.574E-03
            1420    -386.644E-03
            1421    -385.802E-03
            1422    -358.181E-03
            1423    -359.989E-03
            1424    -387.518E-03
            1425    -387.153E-03
            1426    -385.677E-03
            1427    -358.651E-03
            1428    -360.529E-03
            1429    -388.662E-03
            1430    -388.862E-03
            1431    -386.750E-03
            1432    -360.324E-03
            1433    -362.272E-03
            1434    -390.308E-03
            1435    -389.334E-03
            1436    -388.469E-03
            1437    -361.188E-03
            1438    -362.992E-03
            1439    -388.140E-03
            1440    -387.847E-03
            1441    -360.592E-03
            1442    -388.157E-03
            1443    -388.428E-03
            1444    -361.201E-03
            1445    -389.371E-03
            1446    -390.206E-03
            1447    -363.012E-03
            1448    -390.174E-03
            1449    -388.631E-03
            1450    -388.401E-03
            1451    -360.519E-03
            1452    -362.255E-03
            1453    -387.509E-03
            1454    -387.853E-03
            1455    -359.992E-03
            1456    -387.597E-03
            1457    -388.502E-03
            1458    -360.670E-03
            1459    -388.879E-03
            1460    -390.349E-03
            1461    -362.548E-03
            1462    -388.830E-03
            1463    -386.721E-03
            1464    -387.131E-03
            1465    -358.640E-03
            1466    -360.311E-03
            1467    -385.665E-03
            1468    -386.652E-03
            1469    -358.182E-03
            1470    -385.824E-03
            1471    -387.373E-03
            1472    -358.929E-03
            1473    -387.175E-03
            1474    -389.285E-03
            1475    -360.874E-03
            1476    -447.034E-03
            1477    -446.629E-03
            1478    -445.143E-03
            1479    -444.937E-03
            1480    -414.722E-03
            1481    -416.651E-03
            1482    -416.453E-03
            1483    -418.322E-03
            1484    -445.382E-03
            1485    -444.473E-03
            1486    -443.625E-03
            1487    -414.003E-03
            1488    -415.806E-03
            1489    -445.357E-03
            1490    -445.003E-03
            1491    -443.522E-03
            1492    -414.485E-03
            1493    -416.360E-03
            1494    -446.513E-03
            1495    -446.714E-03
            1496    -444.605E-03
            1497    -416.158E-03
            1498    -418.106E-03
            1499    -448.087E-03
            1500    -447.116E-03
            1501    -446.249E-03
            1502    -416.975E-03
            1503    -418.781E-03
            1504    -445.934E-03
            1505    -445.669E-03
            1506    -416.409E-03
            1507    -446.001E-03
            1508    -446.277E-03
            1509    -417.037E-03
            1510    -447.230E-03
            1511    -448.059E-03
            1512    -418.852E-03
            1513    -447.942E-03
            1514    -446.421E-03
            1515    -446.185E-03
            1516    -416.312E-03
            1517    -418.041E-03
            1518    -445.321E-03
            1519    -445.677E-03
            1520    -415.821E-03
            1521    -445.464E-03
            1522    -446.370E-03
            1523    -416.520E-03
            1524    -446.759E-03
            1525    -448.215E-03
            1526    -418.401E-03
            1527    -446.602E-03
            1528    -444.503E-03
            1529    -444.929E-03
            1530    -414.436E-03
            1531    -416.101E-03
            1532    -443.493E-03
            1533    -444.510E-03
            1534    -414.015E-03
            1535    -443.707E-03
            1536    -445.263E-03
            1537    -414.790E-03
            1538    -445.076E-03
            1539    -447.174E-03
            1540    -416.737E-03
            1541    -508.829E-03
            1542    -508.405E-03
            1543    -506.941E-03
            1544    -506.739E-03
            1545    -474.533E-03
            1546    -476.449E-03
            1547    -476.243E-03
            1548    -478.094E-03
            1549    -507.189E-03
            1550    -506.320E-03
            1551    -505.453E-03
            1552    -473.853E-03
            1553    -475.638E-03
            1554    -507.225E-03
            1555    -506.892E-03
            1556    -505.408E-03
            1557    -474.363E-03
            1558    -476.226E-03
            1559    -508.401E-03
            1560    -508.608E-03
            1561    -506.514E-03
            1562    -476.037E-03
            1563    -477.974E-03
            1564    -509.829E-03
            1565    -508.731E-03
            1566    -508.044E-03
            1567    -476.734E-03
            1568    -478.563E-03
            1569    -507.765E-03
            1570    -507.507E-03
            1571    -476.246E-03
            1572    -507.884E-03
            1573    -508.166E-03
            1574    -476.915E-03
            1575    -509.133E-03
            1576    -509.945E-03
            1577    -478.729E-03
            1578    -509.615E-03
            1579    -508.068E-03
            1580    -507.894E-03
            1581    -476.098E-03
            1582    -477.835E-03
            1583    -507.205E-03
            1584    -507.563E-03
            1585    -475.693E-03
            1586    -507.394E-03
            1587    -508.290E-03
            1588    -476.431E-03
            1589    -508.701E-03
            1590    -510.125E-03
            1591    -478.305E-03
            1592    -508.387E-03
            1593    -506.335E-03
            1594    -506.806E-03
            1595    -474.252E-03
            1596    -475.826E-03
            1597    -505.404E-03
            1598    -506.446E-03
            1599    -473.915E-03
            1600    -505.695E-03
            1601    -507.235E-03
            1602    -474.736E-03
            1603    -507.070E-03
            1604    -509.127E-03
            1605    -476.675E-03
            1606    -574.600E-03
            1607    -574.194E-03
            1608    -572.681E-03
            1609    -572.482E-03
            1610    -538.337E-03
            1611    -540.245E-03
            1612    -540.033E-03
            1613    -541.896E-03
            1614    -572.991E-03
            1615    -572.127E-03
            1616    -571.248E-03
            1617    -537.710E-03
            1618    -539.485E-03
            1619    -573.092E-03
            1620    -572.809E-03
            1621    -571.304E-03
            1622    -538.294E-03
            1623    -540.126E-03
            1624    -574.318E-03
            1625    -574.541E-03
            1626    -572.487E-03
            1627    -539.973E-03
            1628    -541.875E-03
            1629    -575.674E-03
            1630    -574.790E-03
            1631    -573.896E-03
            1632    -540.516E-03
            1633    -542.146E-03
            1634    -573.685E-03
            1635    -573.381E-03
            1636    -540.136E-03
            1637    -573.811E-03
            1638    -574.079E-03
            1639    -540.839E-03
            1640    -575.054E-03
            1641    -575.845E-03
            1642    -542.634E-03
            1643    -575.641E-03
            1644    -574.231E-03
            1645    -573.977E-03
            1646    -539.954E-03
            1647    -541.470E-03
            1648    -573.210E-03
            1649    -573.516E-03
            1650    -539.652E-03
            1651    -573.378E-03
            1652    -574.241E-03
            1653    -540.407E-03
            1654    -574.666E-03
            1655    -576.039E-03
            1656    -542.249E-03
            1657    -574.426E-03
            1658    -572.465E-03
            1659    -572.866E-03
            1660    -538.255E-03
            1661    -539.806E-03
            1662    -571.526E-03
            1663    -572.475E-03
            1664    -537.951E-03
            1665    -571.774E-03
            1666    -573.256E-03
            1667    -538.784E-03
            1668    -573.125E-03
            1669    -575.100E-03
            1670    -540.687E-03
            1671    -644.112E-03
            1672    -643.769E-03
            1673    -642.182E-03
            1674    -642.020E-03
            1675    -605.958E-03
            1676    -607.998E-03
            1677    -607.766E-03
            1678    -609.620E-03
            1679    -642.619E-03
            1680    -641.760E-03
            1681    -640.727E-03
            1682    -605.478E-03
            1683    -607.252E-03
            1684    -642.868E-03
            1685    -642.693E-03
            1686    -641.117E-03
            1687    -606.259E-03
            1688    -608.018E-03
            1689    -644.203E-03
            1690    -644.461E-03
            1691    -642.512E-03
            1692    -607.974E-03
            1693    -609.773E-03
            1694    -645.410E-03
            1695    -644.727E-03
            1696    -643.587E-03
            1697    -608.606E-03
            1698    -610.427E-03
            1699    -643.425E-03
            1700    -643.098E-03
            1701    -608.010E-03
            1702    -643.577E-03
            1703    -643.921E-03
            1704    -608.741E-03
            1705    -644.903E-03
            1706    -645.663E-03
            1707    -610.506E-03
            1708    -645.522E-03
            1709    -644.246E-03
            1710    -643.906E-03
            1711    -608.150E-03
            1712    -609.864E-03
            1713    -643.010E-03
            1714    -643.272E-03
            1715    -607.590E-03
            1716    -643.185E-03
            1717    -644.071E-03
            1718    -608.345E-03
            1719    -644.502E-03
            1720    -645.822E-03
            1721    -610.139E-03
            1722    -644.356E-03
            1723    -642.500E-03
            1724    -642.760E-03
            1725    -606.412E-03
            1726    -607.913E-03
            1727    -641.443E-03
            1728    -642.278E-03
            1729    -605.994E-03
            1730    -641.657E-03
            1731    -643.129E-03
            1732    -606.836E-03
            1733    -643.101E-03
            1734    -644.934E-03
            1735    -608.684E-03
            1736    -717.988E-03
            1737    -717.474E-03
            1738    -715.713E-03
            1739    -714.975E-03
            1740    -677.300E-03
            1741    -679.470E-03
            1742    -679.216E-03
            1743    -681.173E-03
            1744    -716.135E-03
            1745    -715.232E-03
            1746    -714.224E-03
            1747    -676.952E-03
            1748    -678.804E-03
            1749    -716.305E-03
            1750    -716.300E-03
            1751    -714.615E-03
            1752    -678.149E-03
            1753    -679.787E-03
            1754    -717.776E-03
            1755    -717.964E-03
            1756    -716.329E-03
            1757    -679.971E-03
            1758    -681.513E-03
            1759    -718.869E-03
            1760    -717.975E-03
            1761    -717.172E-03
            1762    -680.120E-03
            1763    -681.730E-03
            1764    -716.709E-03
            1765    -716.421E-03
            1766    -679.523E-03
            1767    -716.900E-03
            1768    -717.403E-03
            1769    -680.433E-03
            1770    -718.331E-03
            1771    -719.000E-03
            1772    -682.140E-03
            1773    -718.704E-03
            1774    -717.461E-03
            1775    -717.119E-03
            1776    -679.665E-03
            1777    -681.193E-03
            1778    -716.177E-03
            1779    -716.425E-03
            1780    -679.057E-03
            1781    -716.344E-03
            1782    -717.421E-03
            1783    -680.001E-03
            1784    -717.860E-03
            1785    -719.038E-03
            1786    -681.735E-03
            1787    -717.663E-03
            1788    -715.969E-03
            1789    -716.093E-03
            1790    -678.081E-03
            1791    -679.754E-03
            1792    -714.570E-03
            1793    -715.358E-03
            1794    -677.521E-03
            1795    -714.907E-03
            1796    -716.462E-03
            1797    -678.607E-03
            1798    -716.617E-03
            1799    -718.147E-03
            1800    -680.461E-03
            1801    -798.077E-03
            1802    -795.226E-03
            1803    -795.283E-03
            1804    -797.727E-03
            1805    -753.799E-03
            1806    -756.113E-03
            1807    -755.047E-03
            1808    -756.984E-03
            1809    -794.429E-03
            1810    -793.688E-03
            1811    -792.837E-03
            1812    -751.933E-03
            1813    -754.408E-03
            1814    -793.240E-03
            1815    -792.172E-03
            1816    -791.795E-03
            1817    -753.484E-03
            1818    -754.873E-03
            1819    -793.085E-03
            1820    -792.997E-03
            1821    -791.814E-03
            1822    -754.926E-03
            1823    -756.124E-03
            1824    -794.703E-03
            1825    -794.242E-03
            1826    -794.468E-03
            1827    -755.588E-03
            1828    -756.669E-03
            1829    -794.094E-03
            1830    -794.220E-03
            1831    -754.225E-03
            1832    -793.673E-03
            1833    -793.163E-03
            1834    -755.389E-03
            1835    -793.519E-03
            1836    -793.950E-03
            1837    -756.591E-03
            1838    -794.336E-03
            1839    -793.513E-03
            1840    -793.725E-03
            1841    -754.389E-03
            1842    -756.072E-03
            1843    -793.274E-03
            1844    -793.845E-03
            1845    -754.052E-03
            1846    -792.829E-03
            1847    -792.999E-03
            1848    -754.763E-03
            1849    -792.865E-03
            1850    -793.819E-03
            1851    -756.069E-03
            1852    -793.165E-03
            1853    -791.966E-03
            1854    -792.411E-03
            1855    -753.395E-03
            1856    -754.711E-03
            1857    -791.597E-03
            1858    -792.901E-03
            1859    -751.804E-03
            1860    -791.456E-03
            1861    -791.875E-03
            1862    -753.549E-03
            1863    -791.698E-03
            1864    -792.797E-03
            1865    -755.006E-03


  Minimum           -800.304E-03
         At Node             501

  Maximum            809.496E-06
         At Node             544

           Total        -500.927


