               1    -1.40130E-45
               2    -461.201E-06
               3             -0.
               4     468.886E-06
               5     7.32704E-03
               6     468.886E-06
               7              0.
               8    -461.201E-06
               9    -1.40130E-45
              10    -23.9022E-03
              11    -22.4801E-03
              12    -23.9022E-03
              13    -27.4225E-03
              14    -23.3222E-03
              15    -27.4225E-03
              16    -23.9022E-03
              17    -22.4801E-03
              18    -23.9022E-03
              19    -65.1812E-03
              20    -62.0610E-03
              21    -65.1812E-03
              22    -65.5758E-03
              23    -63.3670E-03
              24    -65.5758E-03
              25    -65.1812E-03
              26    -62.0610E-03
              27    -65.1812E-03
              28    -118.313E-03
              29    -115.999E-03
              30    -118.313E-03
              31    -119.642E-03
              32    -117.230E-03
              33    -119.642E-03
              34    -118.313E-03
              35    -115.999E-03
              36    -118.313E-03
              37    -186.287E-03
              38    -183.764E-03
              39    -186.287E-03
              40    -187.527E-03
              41    -184.987E-03
              42    -187.527E-03
              43    -186.287E-03
              44    -183.764E-03
              45    -186.287E-03
              46    -268.152E-03
              47    -265.677E-03
              48    -268.152E-03
              49    -269.371E-03
              50    -266.905E-03
              51    -269.371E-03
              52    -268.152E-03
              53    -265.677E-03
              54    -268.152E-03
              55    -364.099E-03
              56    -361.610E-03
              57    -364.099E-03
              58    -365.329E-03
              59    -362.837E-03
              60    -365.329E-03
              61    -364.099E-03
              62    -361.610E-03
              63    -364.099E-03
              64    -474.091E-03
              65    -471.608E-03
              66    -474.091E-03
              67    -475.318E-03
              68    -472.835E-03
              69    -475.318E-03
              70    -474.091E-03
              71    -471.608E-03
              72    -474.091E-03
              73    -598.140E-03
              74    -595.654E-03
              75    -598.140E-03
              76    -599.368E-03
              77    -596.882E-03
              78    -599.368E-03
              79    -598.140E-03
              80    -595.654E-03
              81    -598.140E-03
              82    -736.241E-03
              83    -733.756E-03
              84    -736.241E-03
              85    -737.468E-03
              86    -734.983E-03
              87    -737.468E-03
              88    -736.241E-03
              89    -733.756E-03
              90    -736.241E-03
              91    -888.395E-03
              92    -885.910E-03
              93    -888.395E-03
              94    -889.623E-03
              95    -887.137E-03
              96    -889.623E-03
              97    -888.395E-03
              98    -885.910E-03
              99    -888.395E-03


  Minimum           -889.623E-03
         At Node              96

  Maximum            7.32704E-03
         At Node               5

           Total        -33.4647


