    						15.E-06            -7.66526E-12
               30.E-06           -59.6108E-12 
               45.E-06          -239.564E-12  
               63.75E-06        -859.597E-12  
               87.1875E-06        -2.74448E-09
              116.484E-06         -7.8535E-09 
              153.105E-06        -20.1364E-09 
              198.882E-06        -45.6817E-09 
              256.102E-06        -89.3852E-09 
              327.628E-06       -145.778E-09  
              417.035E-06       -193.522E-09  
              528.794E-06       -218.501E-09  
              668.492E-06       -245.885E-09  
              843.115E-06       -289.914E-09  
                1.06139E-03     -303.587E-09  
                1.33424E-03     -321.313E-09  
                1.6753E-03      -469.71E-09   
                2.10163E-03     -825.441E-09  
                2.63454E-03       -1.61393E-06
                3.30067E-03       -2.63132E-06
                4.13334E-03       -3.53145E-06
                5.17417E-03       -4.63574E-06
                6.47521E-03       -5.41116E-06
                8.10152E-03       -7.12876E-06
               10.1344E-03        -9.24534E-06
               12.6755E-03       -11.3814E-06 
               15.7311E-03       -14.723E-06  
               18.7867E-03       -17.2733E-06 
               21.8423E-03       -20.4506E-06 
               25.5607E-03       -23.9694E-06 
               29.2792E-03       -27.4443E-06 
               32.9976E-03       -30.9699E-06 
               36.716E-03        -33.8599E-06 
               41.3641E-03       -35.6801E-06 
               46.0121E-03       -35.8166E-06 
               50.6601E-03       -37.1691E-06 
               55.3082E-03       -42.9258E-06 
               59.9562E-03       -51.4865E-06 
               65.5575E-03       -61.1752E-06 
               71.1588E-03       -71.1817E-06 
               76.7601E-03       -82.8265E-06 
               82.3614E-03       -93.8238E-06 
               89.363E-03       -105.065E-06  
               96.3646E-03      -112.445E-06  
              103.366E-03       -114.904E-06  
              110.368E-03       -118.242E-06  
              119.12E-03        -128.25E-06   
              127.872E-03       -139.278E-06  
              136.624E-03       -148.039E-06  
              147.132E-03       -155.293E-06  
              157.639E-03       -153.775E-06  
              168.147E-03       -142.51E-06   
              181.281E-03       -130.69E-06   
              194.416E-03       -125.132E-06  
              210.075E-03       -111.602E-06  
              225.734E-03        -86.6028E-06 
              241.393E-03        -57.6087E-06 
              257.052E-03        -36.9951E-06 
              276.625E-03        -25.7302E-06 
              301.092E-03        -12.5158E-06 
              325.559E-03         -8.57069E-06
              350.026E-03        -35.6015E-06 
              374.494E-03        -70.2457E-06 
              405.077E-03       -103.742E-06  
              443.307E-03       -143.464E-06  
              490.927E-03       -143.615E-06  
              538.547E-03        -87.4225E-06 
              586.167E-03        -34.9344E-06 
              633.787E-03        -10.6673E-06 
              693.312E-03        -50.2915E-06 
              752.837E-03       -125.568E-06  
              812.362E-03       -143.158E-06  
              885.822E-03        -86.9403E-06 
              959.282E-03        -16.9035E-06 
                1.03274          -38.3442E-06 
                1.1062          -118.341E-06  
                1.19803         -132.638E-06  
                1.28985          -52.9521E-06 
                1.40209          -26.6923E-06 
                1.5             -112.917E-06  




