
 CJD_C3D8 

 C O N T R O L   I N F O R M A T I O N

      NUMBER OF NODAL POINTS . . . . . . . . . . (NUMNP)  =         54 
      NUMBER OF ELEMENT GROUPS . . . . . . . . . (NUMEG)  =          1 
      NUMBER OF LOAD CASES . . . . . . . . . . . (NLCASE) =          1 
      SOLUTION MODE  . . . . . . . . . . . . . . (MODEX)  =          2 
         EQ.0, DATA CHECK 
         EQ.1, EXECUTION - 一维变带宽存储刚度矩阵
         EQ.2, EXECUTION - Matlab稀疏矩阵左除


 N O D A L   P O I N T   D A T A 

       NODE                BOUNDARY                           NODAL POINT
      NUMBER     CONDITION  CODES                     COORDINATES
                              X    Y    Z               X               Y              Z
         1                   1    1    1             -1.000        0.000        0.000
         2                   0    0    0              1.000        0.000        0.000
         3                   0    0    0              1.000        0.000        0.500
         4                   1    1    1             -1.000        0.000        0.500
         5                   0    0    0             -0.750        0.000        0.000
         6                   0    0    0             -0.750        0.000        0.250
         7                   1    1    1             -1.000        0.000        0.250
         8                   0    0    0             -0.750        0.000        0.500
         9                   0    0    0             -0.500        0.000        0.000
        10                   0    0    0             -0.500        0.000        0.250
        11                   0    0    0             -0.500        0.000        0.500
        12                   0    0    0             -0.250        0.000        0.000
        13                   0    0    0             -0.250        0.000        0.250
        14                   0    0    0             -0.250        0.000        0.500
        15                   0    0    0              0.000        0.000        0.000
        16                   0    0    0              0.000        0.000        0.250
        17                   0    0    0              0.000        0.000        0.500
        18                   0    0    0              0.250        0.000        0.000
        19                   0    0    0              0.250        0.000        0.250
        20                   0    0    0              0.250        0.000        0.500
        21                   0    0    0              0.500        0.000        0.000
        22                   0    0    0              0.500        0.000        0.250
        23                   0    0    0              0.500        0.000        0.500
        24                   0    0    0              0.750        0.000        0.000
        25                   0    0    0              0.750        0.000        0.250
        26                   0    0    0              0.750        0.000        0.500
        27                   0    0    0              1.000        0.000        0.250
        28                   1    1    1             -1.000       -0.200        0.000
        29                   0    0    0             -0.750       -0.200        0.000
        30                   1    1    1             -1.000       -0.200        0.250
        31                   0    0    0             -0.750       -0.200        0.250
        32                   1    1    1             -1.000       -0.200        0.500
        33                   0    0    0             -0.750       -0.200        0.500
        34                   0    0    0             -0.500       -0.200        0.000
        35                   0    0    0             -0.500       -0.200        0.250
        36                   0    0    0             -0.500       -0.200        0.500
        37                   0    0    0             -0.250       -0.200        0.000
        38                   0    0    0             -0.250       -0.200        0.250
        39                   0    0    0             -0.250       -0.200        0.500
        40                   0    0    0              0.000       -0.200        0.000
        41                   0    0    0              0.000       -0.200        0.250
        42                   0    0    0              0.000       -0.200        0.500
        43                   0    0    0              0.250       -0.200        0.000
        44                   0    0    0              0.250       -0.200        0.250
        45                   0    0    0              0.250       -0.200        0.500
        46                   0    0    0              0.500       -0.200        0.000
        47                   0    0    0              0.500       -0.200        0.250
        48                   0    0    0              0.500       -0.200        0.500
        49                   0    0    0              0.750       -0.200        0.000
        50                   0    0    0              0.750       -0.200        0.250
        51                   0    0    0              0.750       -0.200        0.500
        52                   0    0    0              1.000       -0.200        0.000
        53                   0    0    0              1.000       -0.200        0.250
        54                   0    0    0              1.000       -0.200        0.500


 EQUATION NUMBERS

         NODE         DEGREES OF FREEDOM
       NUMBER
          N                  X         Y         Z
          1                   0         0         0
          2                   1         2         3
          3                   4         5         6
          4                   0         0         0
          5                   7         8         9
          6                  10        11        12
          7                   0         0         0
          8                  13        14        15
          9                  16        17        18
         10                  19        20        21
         11                  22        23        24
         12                  25        26        27
         13                  28        29        30
         14                  31        32        33
         15                  34        35        36
         16                  37        38        39
         17                  40        41        42
         18                  43        44        45
         19                  46        47        48
         20                  49        50        51
         21                  52        53        54
         22                  55        56        57
         23                  58        59        60
         24                  61        62        63
         25                  64        65        66
         26                  67        68        69
         27                  70        71        72
         28                   0         0         0
         29                  73        74        75
         30                   0         0         0
         31                  76        77        78
         32                   0         0         0
         33                  79        80        81
         34                  82        83        84
         35                  85        86        87
         36                  88        89        90
         37                  91        92        93
         38                  94        95        96
         39                  97        98        99
         40                 100       101       102
         41                 103       104       105
         42                 106       107       108
         43                 109       110       111
         44                 112       113       114
         45                 115       116       117
         46                 118       119       120
         47                 121       122       123
         48                 124       125       126
         49                 127       128       129
         50                 130       131       132
         51                 133       134       135
         52                 136       137       138
         53                 139       140       141
         54                 142       143       144


 L O A D   C A S E   D A T A

     LOAD CASE NUMBER . . . . . . . =          1
     NUMBER OF CONCENTRATED LOADS . =         54


         NODE           DIRECTION           LOAD
       NUMBER                               MAGNITUDE
            1                      3              -1.20284e-01            2                      3              -1.20284e-01            3                      3              -1.20284e-01            4                      3              -1.20284e-01            5                      3              -2.40569e-01            6                      3              -4.81137e-01            7                      3              -2.40569e-01            8                      3              -2.40569e-01            9                      3              -2.40569e-01           10                      3              -4.81137e-01           11                      3              -2.40569e-01           12                      3              -2.40569e-01           13                      3              -4.81137e-01           14                      3              -2.40569e-01           15                      3              -2.40569e-01           16                      3              -4.81137e-01           17                      3              -2.40569e-01           18                      3              -2.40569e-01           19                      3              -4.81137e-01           20                      3              -2.40569e-01           21                      3              -2.40569e-01           22                      3              -4.81137e-01           23                      3              -2.40569e-01           24                      3              -2.40569e-01           25                      3              -4.81137e-01           26                      3              -2.40569e-01           27                      3              -2.40569e-01           28                      3              -1.20284e-01           29                      3              -2.40569e-01           30                      3              -2.40569e-01           31                      3              -4.81137e-01           32                      3              -1.20284e-01           33                      3              -2.40569e-01           34                      3              -2.40569e-01           35                      3              -4.81137e-01           36                      3              -2.40569e-01           37                      3              -2.40569e-01           38                      3              -4.81137e-01           39                      3              -2.40569e-01           40                      3              -2.40569e-01           41                      3              -4.81137e-01           42                      3              -2.40569e-01           43                      3              -2.40569e-01           44                      3              -4.81137e-01           45                      3              -2.40569e-01           46                      3              -2.40569e-01           47                      3              -4.81137e-01           48                      3              -2.40569e-01           49                      3              -2.40569e-01           50                      3              -4.81137e-01           51                      3              -2.40569e-01           52                      3              -1.20284e-01           53                      3              -2.40569e-01           54                      3              -1.20284e-01

 E L E M E N T   G R O U P   D A T A


 E L E M E N T   D E F I N I T I O N

 ELEMENT TYPE  . . . . . . . . . . . . .( NPAR(1) ) . . =          3
     EQ.1, TRUSS ELEMENTS
     EQ.2, PLANE STRESS
     EQ.3, SOLID C3D8
     EQ.4, SOLID C3D20
 NUMBER OF ELEMENTS. . . . . . . . . . .( NPAR(2) ) . . =         16

 M A T E R I A L   D E F I N I T I O N

 NUMBER OF DIFFERENT SETS OF MATERIAL
 AND CROSS-SECTIONAL  CONSTANTS  . . . .( NPAR(3) ) . . =          1
     SET          YOUNG'S       POSSION RATIO         DENSITY
 NUMBER     MODULUS              
                           E                       nu              rho
     1          2.00000e+08      3.000000e-01     1.000000e-09


 E L E M E N T   I N F O R M A T I O N

      ELEMENT 	 NODE 	 NODE 	 NODE 	 NODE 	 NODE 	 NODE 	 NODE 	 NODE 	   MATERIAL
      NUMBER-N 	   I1 	    I2 	    I3 	    I4 	    I5 	    I6 	    I7 	    I8 	 SET NUMBER
            1                     1               5               6               7              28              29              31              30               1
            2                     7               6               8               4              30              31              33              32               1
            3                     5               9              10               6              29              34              35              31               1
            4                     6              10              11               8              31              35              36              33               1
            5                     9              12              13              10              34              37              38              35               1
            6                    10              13              14              11              35              38              39              36               1
            7                    12              15              16              13              37              40              41              38               1
            8                    13              16              17              14              38              41              42              39               1
            9                    15              18              19              16              40              43              44              41               1
           10                    16              19              20              17              41              44              45              42               1
           11                    18              21              22              19              43              46              47              44               1
           12                    19              22              23              20              44              47              48              45               1
           13                    21              24              25              22              46              49              50              47               1
           14                    22              25              26              23              47              50              51              48               1
           15                    24               2              27              25              49              52              53              50               1
           16                    25              27               3              26              50              53              54              51               1


  TOTAL SYSTEM DATA

     NUMBER OF EQUATIONS . . . . . . . . . . . . . .(NEQ) =        144
     NUMBER OF MATRIX ELEMENTS . . . . . . . . . . .(NWK) =       8028
     MAXIMUM HALF BANDWIDTH  . . . . . . . . . . . .(MK ) =        141
     MEAN HALF BANDWIDTH . . . . . . . . . . . . . .(MM ) =         56


 LOAD CASE   1

 D I S P L A C E M E N T S

       NODE           X-DISPLACEMENT    Y-DISPLACEMENT    Z-DISPLACEMENT
          1                   0.000000e+00           0.000000e+00           0.000000e+00
          2                  -5.344026e-06           9.717498e-10          -3.352849e-05
          3                   5.344026e-06          -9.717498e-10          -3.352849e-05
          4                   0.000000e+00           0.000000e+00           0.000000e+00
          5                  -1.621492e-06           2.494146e-07          -1.418527e-06
          6                   1.079761e-19          -1.581230e-19          -1.141183e-06
          7                   0.000000e+00           0.000000e+00           0.000000e+00
          8                   1.621492e-06          -2.494146e-07          -1.418527e-06
          9                  -3.010490e-06           1.391676e-07          -4.082724e-06
         10                   2.033264e-19          -5.422259e-19          -3.922091e-06
         11                   3.010490e-06          -1.391676e-07          -4.082724e-06
         12                  -3.979302e-06           1.047719e-07          -7.900598e-06
         13                   2.817347e-19          -1.130218e-18          -7.782036e-06
         14                   3.979302e-06          -1.047719e-07          -7.900598e-06
         15                  -4.635770e-06           6.604123e-08          -1.246799e-05
         16                   3.431767e-19          -1.882143e-18          -1.239265e-05
         17                   4.635770e-06          -6.604123e-08          -1.246799e-05
         18                  -5.035943e-06           3.780379e-08          -1.750661e-05
         19                   3.846651e-19          -2.751531e-18          -1.746357e-05
         20                   5.035943e-06          -3.780379e-08          -1.750661e-05
         21                  -5.244967e-06           1.730567e-08          -2.279181e-05
         22                   4.110693e-19          -3.700984e-18          -2.277203e-05
         23                   5.244967e-06          -1.730567e-08          -2.279181e-05
         24                  -5.326385e-06           5.060593e-09          -2.816434e-05
         25                   4.248030e-19          -4.688878e-18          -2.815849e-05
         26                   5.326385e-06          -5.060593e-09          -2.816434e-05
         27                   4.324340e-19          -5.691656e-18          -3.352729e-05
         28                   0.000000e+00           0.000000e+00           0.000000e+00
         29                  -1.621492e-06          -2.494146e-07          -1.418527e-06
         30                   0.000000e+00           0.000000e+00           0.000000e+00
         31                  -1.014152e-19          -1.570243e-19          -1.141183e-06
         32                   0.000000e+00           0.000000e+00           0.000000e+00
         33                   1.621492e-06           2.494146e-07          -1.418527e-06
         34                  -3.010490e-06          -1.391676e-07          -4.082724e-06
         35                  -1.885053e-19          -5.411439e-19          -3.922091e-06
         36                   3.010490e-06           1.391676e-07          -4.082724e-06
         37                  -3.979302e-06          -1.047719e-07          -7.900598e-06
         38                  -2.581676e-19          -1.129515e-18          -7.782036e-06
         39                   3.979302e-06           1.047719e-07          -7.900598e-06
         40                  -4.635770e-06          -6.604123e-08          -1.246799e-05
         41                  -3.099483e-19          -1.884013e-18          -1.239265e-05
         42                   4.635770e-06           6.604123e-08          -1.246799e-05
         43                  -5.035943e-06          -3.780379e-08          -1.750661e-05
         44                  -3.463618e-19          -2.750647e-18          -1.746357e-05
         45                   5.035943e-06           3.780379e-08          -1.750661e-05
         46                  -5.244967e-06          -1.730567e-08          -2.279181e-05
         47                  -3.627813e-19          -3.701620e-18          -2.277203e-05
         48                   5.244967e-06           1.730567e-08          -2.279181e-05
         49                  -5.326385e-06          -5.060593e-09          -2.816434e-05
         50                  -3.669211e-19          -4.690807e-18          -2.815849e-05
         51                   5.326385e-06           5.060593e-09          -2.816434e-05
         52                  -5.344026e-06          -9.717498e-10          -3.352849e-05
         53                  -3.679060e-19          -5.692213e-18          -3.352729e-05
         54                   5.344026e-06           9.717498e-10          -3.352849e-05


  S T R A I N AND S T R E S S  C A L C U L A T I O N S  F O R  E L E M E N T  G R O U P    1

  ELEMENT        GAUSS POINT                      			     STRAIN    			     STRESS
  NUMBER            NUMBER           EPSILON_X         EPSILON_Y         EPSILON_Z         GAMMA_XY        GAMMA_YZ         GAMMA_ZX                SIGMA_X            SIGMA_Y            SIGMA_Z            TAU_XY             TAU_YZ             TAU_ZX
       1                        1                -5.115322e-06     4.156910e-07     2.344384e-07     4.542756e-07    -1.217228e-07    -4.069023e-06        -1.302187e+03    -4.512621e+02    -4.791471e+02     3.494428e+01    -9.363291e+00    -3.130018e+02
       1                        2                -5.115322e-06     4.156910e-07     2.344384e-07    -4.542756e-07     1.217228e-07    -4.069023e-06        -1.302187e+03    -4.512621e+02    -4.791471e+02    -3.494428e+01     9.363291e+00    -3.130018e+02
       1                        3                -1.370646e-06     1.113841e-07     2.344384e-07     1.217228e-07    -1.217228e-07    -3.428525e-06        -3.291176e+02    -1.011129e+02    -8.218148e+01     9.363291e+00    -9.363291e+00    -2.637327e+02
       1                        4                -1.370646e-06     1.113841e-07     2.344384e-07    -1.217228e-07     1.217228e-07    -3.428525e-06        -3.291176e+02    -1.011129e+02    -8.218148e+01    -9.363291e+00     9.363291e+00    -2.637327e+02
       1                        5                -5.115322e-06     1.551380e-06     8.749359e-07     4.542756e-07    -4.542756e-07    -3.243470e-07        -1.097243e+03    -7.159608e+01    -1.756644e+02     3.494428e+01    -3.494428e+01    -2.494977e+01
       1                        6                -5.115322e-06     1.551380e-06     8.749359e-07    -4.542756e-07     4.542756e-07    -3.243470e-07        -1.097243e+03    -7.159608e+01    -1.756644e+02    -3.494428e+01     3.494428e+01    -2.494977e+01
       1                        7                -1.370646e-06     4.156910e-07     8.749359e-07     1.217228e-07    -4.542756e-07     3.161505e-07        -2.201017e+02     5.471945e+01     1.253725e+02     9.363291e+00    -3.494428e+01     2.431927e+01
       1                        8                -1.370646e-06     4.156910e-07     8.749359e-07    -1.217228e-07     4.542756e-07     3.161505e-07        -2.201017e+02     5.471945e+01     1.253725e+02    -9.363291e+00     3.494428e+01     2.431927e+01
       2                        1                 1.370646e-06    -1.113841e-07    -2.344384e-07    -1.217228e-07    -1.217228e-07    -3.428525e-06         3.291176e+02     1.011129e+02     8.218148e+01    -9.363291e+00    -9.363291e+00    -2.637327e+02
       2                        2                 1.370646e-06    -1.113841e-07    -2.344384e-07     1.217228e-07     1.217228e-07    -3.428525e-06         3.291176e+02     1.011129e+02     8.218148e+01     9.363291e+00     9.363291e+00    -2.637327e+02
       2                        3                 5.115322e-06    -4.156910e-07    -2.344384e-07    -4.542756e-07    -1.217228e-07    -4.069023e-06         1.302187e+03     4.512621e+02     4.791471e+02    -3.494428e+01    -9.363291e+00    -3.130018e+02
       2                        4                 5.115322e-06    -4.156910e-07    -2.344384e-07     4.542756e-07     1.217228e-07    -4.069023e-06         1.302187e+03     4.512621e+02     4.791471e+02     3.494428e+01     9.363291e+00    -3.130018e+02
       2                        5                 1.370646e-06    -4.156910e-07    -8.749359e-07    -1.217228e-07    -4.542756e-07     3.161505e-07         2.201017e+02    -5.471945e+01    -1.253725e+02    -9.363291e+00    -3.494428e+01     2.431927e+01
       2                        6                 1.370646e-06    -4.156910e-07    -8.749359e-07     1.217228e-07     4.542756e-07     3.161505e-07         2.201017e+02    -5.471945e+01    -1.253725e+02     9.363291e+00     3.494428e+01     2.431927e+01
       2                        7                 5.115322e-06    -1.551380e-06    -8.749359e-07    -4.542756e-07    -4.542756e-07    -3.243470e-07         1.097243e+03     7.159608e+01     1.756644e+02    -3.494428e+01    -3.494428e+01    -2.494977e+01
       2                        8                 5.115322e-06    -1.551380e-06    -8.749359e-07     4.542756e-07     4.542756e-07    -3.243470e-07         1.097243e+03     7.159608e+01     1.756644e+02     3.494428e+01     3.494428e+01    -2.494977e+01
       3                        1                -4.381872e-06     1.783326e-06     1.010719e-06    -2.008004e-07    -5.221941e-07    -3.095356e-06        -8.573450e+02     9.114703e+01    -2.771554e+01    -1.544618e+01    -4.016878e+01    -2.381043e+02
       3                        2                -4.381872e-06     1.783326e-06     1.010719e-06     2.008004e-07     5.221941e-07    -3.095356e-06        -8.573450e+02     9.114703e+01    -2.771554e+01     1.544618e+01     4.016878e+01    -2.381043e+02
       3                        3                -1.174119e-06     4.778408e-07     1.010719e-06    -5.380431e-08    -5.221941e-07    -3.364887e-06        -1.443521e+02     1.097956e+02     1.917769e+02    -4.138793e+00    -4.016878e+01    -2.588374e+02
       3                        4                -1.174119e-06     4.778408e-07     1.010719e-06     5.380431e-08     5.221941e-07    -3.364887e-06        -1.443521e+02     1.097956e+02     1.917769e+02     4.138793e+00     4.016878e+01    -2.588374e+02
       3                        5                -4.381872e-06     1.281325e-06     7.411887e-07    -2.008004e-07    -3.751980e-07     1.123973e-07        -9.463679e+02    -7.510677e+01    -1.582047e+02    -1.544618e+01    -2.886139e+01     8.645946e+00
       3                        6                -4.381872e-06     1.281325e-06     7.411887e-07     2.008004e-07     3.751980e-07     1.123973e-07        -9.463679e+02    -7.510677e+01    -1.582047e+02     1.544618e+01     2.886139e+01     8.645946e+00
       3                        7                -1.174119e-06     3.433300e-07     7.411887e-07    -5.380431e-08    -3.751980e-07    -1.571333e-07        -1.909722e+02     4.248148e+01     1.036905e+02    -4.138793e+00    -2.886139e+01    -1.208718e+01
       3                        8                -1.174119e-06     3.433300e-07     7.411887e-07     5.380431e-08     3.751980e-07    -1.571333e-07        -1.909722e+02     4.248148e+01     1.036905e+02     4.138793e+00     2.886139e+01    -1.208718e+01
       4                        1                 1.174119e-06    -4.778408e-07    -1.010719e-06     5.380431e-08    -5.221941e-07    -3.364887e-06         1.443521e+02    -1.097956e+02    -1.917769e+02     4.138793e+00    -4.016878e+01    -2.588374e+02
       4                        2                 1.174119e-06    -4.778408e-07    -1.010719e-06    -5.380431e-08     5.221941e-07    -3.364887e-06         1.443521e+02    -1.097956e+02    -1.917769e+02    -4.138793e+00     4.016878e+01    -2.588374e+02
       4                        3                 4.381872e-06    -1.783326e-06    -1.010719e-06     2.008004e-07    -5.221941e-07    -3.095356e-06         8.573450e+02    -9.114703e+01     2.771554e+01     1.544618e+01    -4.016878e+01    -2.381043e+02
       4                        4                 4.381872e-06    -1.783326e-06    -1.010719e-06    -2.008004e-07     5.221941e-07    -3.095356e-06         8.573450e+02    -9.114703e+01     2.771554e+01    -1.544618e+01     4.016878e+01    -2.381043e+02
       4                        5                 1.174119e-06    -3.433300e-07    -7.411887e-07     5.380431e-08    -3.751980e-07    -1.571333e-07         1.909722e+02    -4.248148e+01    -1.036905e+02     4.138793e+00    -2.886139e+01    -1.208718e+01
       4                        6                 1.174119e-06    -3.433300e-07    -7.411887e-07    -5.380431e-08     3.751980e-07    -1.571333e-07         1.909722e+02    -4.248148e+01    -1.036905e+02    -4.138793e+00     2.886139e+01    -1.208718e+01
       4                        7                 4.381872e-06    -1.281325e-06    -7.411887e-07     2.008004e-07    -3.751980e-07     1.123973e-07         9.463679e+02     7.510677e+01     1.582047e+02     1.544618e+01    -2.886139e+01     8.645946e+00
       4                        8                 4.381872e-06    -1.281325e-06    -7.411887e-07    -2.008004e-07     3.751980e-07     1.123973e-07         9.463679e+02     7.510677e+01     1.582047e+02    -1.544618e+01     2.886139e+01     8.645946e+00
       5                        1                -3.056312e-06     1.040254e-06     6.069703e-07    -6.264716e-08    -3.046074e-07    -2.446161e-06        -6.327889e+02    -2.548041e+00    -6.920704e+01    -4.819012e+00    -2.343134e+01    -1.881662e+02
       5                        2                -3.056312e-06     1.040254e-06     6.069703e-07     6.264716e-08     3.046074e-07    -2.446161e-06        -6.327889e+02    -2.548041e+00    -6.920704e+01     4.819012e+00     2.343134e+01    -1.881662e+02
       5                        3                -8.189364e-07     2.787352e-07     6.069703e-07    -1.678626e-08    -3.046074e-07    -2.543321e-06        -1.182861e+02     5.058646e+01     1.010842e+02    -1.291250e+00    -2.343134e+01    -1.956401e+02
       5                        4                -8.189364e-07     2.787352e-07     6.069703e-07     1.678626e-08     3.046074e-07    -2.543321e-06        -1.182861e+02     5.058646e+01     1.010842e+02     1.291250e+00     2.343134e+01    -1.956401e+02
       5                        5                -3.056312e-06     8.836359e-07     5.098093e-07    -6.264716e-08    -2.587465e-07    -2.087848e-07        -6.620711e+02    -5.592528e+01    -1.134371e+02    -4.819012e+00    -1.990358e+01    -1.606037e+01
       5                        6                -3.056312e-06     8.836359e-07     5.098093e-07     6.264716e-08     2.587465e-07    -2.087848e-07        -6.620711e+02    -5.592528e+01    -1.134371e+02     4.819012e+00     1.990358e+01    -1.606037e+01
       5                        7                -8.189364e-07     2.367695e-07     5.098093e-07    -1.678626e-08    -2.587465e-07    -3.059457e-07        -1.343392e+02     2.807713e+01     7.008325e+01    -1.291250e+00    -1.990358e+01    -2.353429e+01
       5                        8                -8.189364e-07     2.367695e-07     5.098093e-07     1.678626e-08     2.587465e-07    -3.059457e-07        -1.343392e+02     2.807713e+01     7.008325e+01     1.291250e+00     1.990358e+01    -2.353429e+01
       6                        1                 8.189364e-07    -2.787352e-07    -6.069703e-07     1.678626e-08    -3.046074e-07    -2.543321e-06         1.182861e+02    -5.058646e+01    -1.010842e+02     1.291250e+00    -2.343134e+01    -1.956401e+02
       6                        2                 8.189364e-07    -2.787352e-07    -6.069703e-07    -1.678626e-08     3.046074e-07    -2.543321e-06         1.182861e+02    -5.058646e+01    -1.010842e+02    -1.291250e+00     2.343134e+01    -1.956401e+02
       6                        3                 3.056312e-06    -1.040254e-06    -6.069703e-07     6.264716e-08    -3.046074e-07    -2.446161e-06         6.327889e+02     2.548041e+00     6.920704e+01     4.819012e+00    -2.343134e+01    -1.881662e+02
       6                        4                 3.056312e-06    -1.040254e-06    -6.069703e-07    -6.264716e-08     3.046074e-07    -2.446161e-06         6.327889e+02     2.548041e+00     6.920704e+01    -4.819012e+00     2.343134e+01    -1.881662e+02
       6                        5                 8.189364e-07    -2.367695e-07    -5.098093e-07     1.678626e-08    -2.587465e-07    -3.059457e-07         1.343392e+02    -2.807713e+01    -7.008325e+01     1.291250e+00    -1.990358e+01    -2.353429e+01
       6                        6                 8.189364e-07    -2.367695e-07    -5.098093e-07    -1.678626e-08     2.587465e-07    -3.059457e-07         1.343392e+02    -2.807713e+01    -7.008325e+01    -1.291250e+00     1.990358e+01    -2.353429e+01
       6                        7                 3.056312e-06    -8.836359e-07    -5.098093e-07     6.264716e-08    -2.587465e-07    -2.087848e-07         6.620711e+02     5.592528e+01     1.134371e+02     4.819012e+00    -1.990358e+01    -1.606037e+01
       6                        8                 3.056312e-06    -8.836359e-07    -5.098093e-07    -6.264716e-08     2.587465e-07    -2.087848e-07         6.620711e+02     5.592528e+01     1.134371e+02    -4.819012e+00     1.990358e+01    -1.606037e+01
       7                        1                -2.070959e-06     7.617587e-07     4.377056e-07    -7.054274e-08    -2.230584e-07    -1.833970e-06        -4.191661e+02     1.663659e+01    -3.321772e+01    -5.426364e+00    -1.715834e+01    -1.410746e+02
       7                        2                -2.070959e-06     7.617587e-07     4.377056e-07     7.054274e-08     2.230584e-07    -1.833970e-06        -4.191661e+02     1.663659e+01    -3.321772e+01     5.426364e+00     1.715834e+01    -1.410746e+02
       7                        3                -5.549117e-07     2.041126e-07     4.377056e-07    -1.890187e-08    -2.230584e-07    -1.933800e-06        -7.534336e+01     4.142962e+01     7.736701e+01    -1.453990e+00    -1.715834e+01    -1.487539e+02
       7                        4                -5.549117e-07     2.041126e-07     4.377056e-07     1.890187e-08     2.230584e-07    -1.933800e-06        -7.534336e+01     4.142962e+01     7.736701e+01     1.453990e+00     1.715834e+01    -1.487539e+02
       7                        5                -2.070959e-06     5.854018e-07     3.378758e-07    -7.054274e-08    -1.714176e-07    -3.179232e-07        -4.510338e+02    -4.236293e+01    -8.044385e+01    -5.426364e+00    -1.318597e+01    -2.445563e+01
       7                        6                -2.070959e-06     5.854018e-07     3.378758e-07     7.054274e-08     1.714176e-07    -3.179232e-07        -4.510338e+02    -4.236293e+01    -8.044385e+01     5.426364e+00     1.318597e+01    -2.445563e+01
       7                        7                -5.549117e-07     1.568579e-07     3.378758e-07    -1.890187e-08    -1.714176e-07    -4.177530e-07        -9.231465e+01     1.718838e+01     4.503728e+01    -1.453990e+00    -1.318597e+01    -3.213485e+01
       7                        8                -5.549117e-07     1.568579e-07     3.378758e-07     1.890187e-08     1.714176e-07    -4.177530e-07        -9.231465e+01     1.718838e+01     4.503728e+01     1.453990e+00     1.318597e+01    -3.213485e+01
       8                        1                 5.549117e-07    -2.041126e-07    -4.377056e-07     1.890187e-08    -2.230584e-07    -1.933800e-06         7.534336e+01    -4.142962e+01    -7.736701e+01     1.453990e+00    -1.715834e+01    -1.487539e+02
       8                        2                 5.549117e-07    -2.041126e-07    -4.377056e-07    -1.890187e-08     2.230584e-07    -1.933800e-06         7.534336e+01    -4.142962e+01    -7.736701e+01    -1.453990e+00     1.715834e+01    -1.487539e+02
       8                        3                 2.070959e-06    -7.617587e-07    -4.377056e-07     7.054274e-08    -2.230584e-07    -1.833970e-06         4.191661e+02    -1.663659e+01     3.321772e+01     5.426364e+00    -1.715834e+01    -1.410746e+02
       8                        4                 2.070959e-06    -7.617587e-07    -4.377056e-07    -7.054274e-08     2.230584e-07    -1.833970e-06         4.191661e+02    -1.663659e+01     3.321772e+01    -5.426364e+00     1.715834e+01    -1.410746e+02
       8                        5                 5.549117e-07    -1.568579e-07    -3.378758e-07     1.890187e-08    -1.714176e-07    -4.177530e-07         9.231465e+01    -1.718838e+01    -4.503728e+01     1.453990e+00    -1.318597e+01    -3.213485e+01
       8                        6                 5.549117e-07    -1.568579e-07    -3.378758e-07    -1.890187e-08     1.714176e-07    -4.177530e-07         9.231465e+01    -1.718838e+01    -4.503728e+01    -1.453990e+00     1.318597e+01    -3.213485e+01
       8                        7                 2.070959e-06    -5.854018e-07    -3.378758e-07     7.054274e-08    -1.714176e-07    -3.179232e-07         4.510338e+02     4.236293e+01     8.044385e+01     5.426364e+00    -1.318597e+01    -2.445563e+01
       8                        8                 2.070959e-06    -5.854018e-07    -3.378758e-07    -7.054274e-08     1.714176e-07    -3.179232e-07         4.510338e+02     4.236293e+01     8.044385e+01    -5.426364e+00     1.318597e+01    -2.445563e+01
       9                        1                -1.262426e-06     4.737883e-07     2.740348e-07    -5.143075e-08    -1.387349e-07    -1.300457e-06        -2.535966e+02     1.351327e+01    -1.721805e+01    -3.956211e+00    -1.067191e+01    -1.000351e+02
       9                        2                -1.262426e-06     4.737883e-07     2.740348e-07     5.143075e-08     1.387349e-07    -1.300457e-06        -2.535966e+02     1.351327e+01    -1.721805e+01     3.956211e+00     1.067191e+01    -1.000351e+02
       9                        3                -3.382660e-07     1.269512e-07     2.740348e-07    -1.378083e-08    -1.387349e-07    -1.375044e-06        -4.480400e+01     2.676788e+01     4.939612e+01    -1.060064e+00    -1.067191e+01    -1.057726e+02
       9                        4                -3.382660e-07     1.269512e-07     2.740348e-07     1.378083e-08     1.387349e-07    -1.375044e-06        -4.480400e+01     2.676788e+01     4.939612e+01     1.060064e+00     1.067191e+01    -1.057726e+02
       9                        5                -1.262426e-06     3.452115e-07     1.994478e-07    -5.143075e-08    -1.010849e-07    -3.762967e-07        -2.770386e+02    -2.970977e+01    -5.213495e+01    -3.956211e+00    -7.775764e+00    -2.894590e+01
       9                        6                -1.262426e-06     3.452115e-07     1.994478e-07     5.143075e-08     1.010849e-07    -3.762967e-07        -2.770386e+02    -2.970977e+01    -5.213495e+01     3.956211e+00     7.775764e+00    -2.894590e+01
       9                        7                -3.382660e-07     9.249914e-08     1.994478e-07    -1.378083e-08    -1.010849e-07    -4.508836e-07        -5.738543e+01     8.886129e+00     2.533977e+01    -1.060064e+00    -7.775764e+00    -3.468336e+01
       9                        8                -3.382660e-07     9.249914e-08     1.994478e-07     1.378083e-08     1.010849e-07    -4.508836e-07        -5.738543e+01     8.886129e+00     2.533977e+01     1.060064e+00     7.775764e+00    -3.468336e+01
       10                        1                 3.382660e-07    -1.269512e-07    -2.740348e-07     1.378083e-08    -1.387349e-07    -1.375044e-06         4.480400e+01    -2.676788e+01    -4.939612e+01     1.060064e+00    -1.067191e+01    -1.057726e+02
       10                        2                 3.382660e-07    -1.269512e-07    -2.740348e-07    -1.378083e-08     1.387349e-07    -1.375044e-06         4.480400e+01    -2.676788e+01    -4.939612e+01    -1.060064e+00     1.067191e+01    -1.057726e+02
       10                        3                 1.262426e-06    -4.737883e-07    -2.740348e-07     5.143075e-08    -1.387349e-07    -1.300457e-06         2.535966e+02    -1.351327e+01     1.721805e+01     3.956211e+00    -1.067191e+01    -1.000351e+02
       10                        4                 1.262426e-06    -4.737883e-07    -2.740348e-07    -5.143075e-08     1.387349e-07    -1.300457e-06         2.535966e+02    -1.351327e+01     1.721805e+01    -3.956211e+00     1.067191e+01    -1.000351e+02
       10                        5                 3.382660e-07    -9.249914e-08    -1.994478e-07     1.378083e-08    -1.010849e-07    -4.508836e-07         5.738543e+01    -8.886129e+00    -2.533977e+01     1.060064e+00    -7.775764e+00    -3.468336e+01
       10                        6                 3.382660e-07    -9.249914e-08    -1.994478e-07    -1.378083e-08     1.010849e-07    -4.508836e-07         5.738543e+01    -8.886129e+00    -2.533977e+01    -1.060064e+00     7.775764e+00    -3.468336e+01
       10                        7                 1.262426e-06    -3.452115e-07    -1.994478e-07     5.143075e-08    -1.010849e-07    -3.762967e-07         2.770386e+02     2.970977e+01     5.213495e+01     3.956211e+00    -7.775764e+00    -2.894590e+01
       10                        8                 1.262426e-06    -3.452115e-07    -1.994478e-07    -5.143075e-08     1.010849e-07    -3.762967e-07         2.770386e+02     2.970977e+01     5.213495e+01    -3.956211e+00     7.775764e+00    -2.894590e+01
       11                        1                -6.594073e-07     2.639855e-07     1.524870e-07    -3.733460e-08    -7.730033e-08    -8.399822e-07        -1.294782e+02     1.258222e+01    -4.571408e+00    -2.871893e+00    -5.946179e+00    -6.461402e+01
       11                        2                -6.594073e-07     2.639855e-07     1.524870e-07     3.733460e-08     7.730033e-08    -8.399822e-07        -1.294782e+02     1.258222e+01    -4.571408e+00     2.871893e+00     5.946179e+00    -6.461402e+01
       11                        3                -1.766877e-07     7.073471e-08     1.524870e-07    -1.000378e-08    -7.730033e-08    -8.936947e-07        -2.181341e+01     1.625157e+01     2.882884e+01    -7.695213e-01    -5.946179e+00    -6.874574e+01
       11                        4                -1.766877e-07     7.073471e-08     1.524870e-07     1.000378e-08     7.730033e-08    -8.936947e-07        -2.181341e+01     1.625157e+01     2.882884e+01     7.695213e-01     5.946179e+00    -6.874574e+01
       11                        5                -6.594073e-07     1.706490e-07     9.877453e-08    -3.733460e-08    -4.996951e-08    -3.572626e-07        -1.464454e+02    -1.874443e+01    -2.980205e+01    -2.871893e+00    -3.843808e+00    -2.748174e+01
       11                        6                -6.594073e-07     1.706490e-07     9.877453e-08     3.733460e-08     4.996951e-08    -3.572626e-07        -1.464454e+02    -1.874443e+01    -2.980205e+01     2.871893e+00     3.843808e+00    -2.748174e+01
       11                        7                -1.766877e-07     4.572527e-08     9.877453e-08    -1.000378e-08    -4.996951e-08    -4.109750e-07        -3.089670e+01     3.320673e+00     1.148210e+01    -7.695213e-01    -3.843808e+00    -3.161346e+01
       11                        8                -1.766877e-07     4.572527e-08     9.877453e-08     1.000378e-08     4.996951e-08    -4.109750e-07        -3.089670e+01     3.320673e+00     1.148210e+01     7.695213e-01     3.843808e+00    -3.161346e+01
       12                        1                 1.766877e-07    -7.073471e-08    -1.524870e-07     1.000378e-08    -7.730033e-08    -8.936947e-07         2.181341e+01    -1.625157e+01    -2.882884e+01     7.695213e-01    -5.946179e+00    -6.874574e+01
       12                        2                 1.766877e-07    -7.073471e-08    -1.524870e-07    -1.000378e-08     7.730033e-08    -8.936947e-07         2.181341e+01    -1.625157e+01    -2.882884e+01    -7.695213e-01     5.946179e+00    -6.874574e+01
       12                        3                 6.594073e-07    -2.639855e-07    -1.524870e-07     3.733460e-08    -7.730033e-08    -8.399822e-07         1.294782e+02    -1.258222e+01     4.571408e+00     2.871893e+00    -5.946179e+00    -6.461402e+01
       12                        4                 6.594073e-07    -2.639855e-07    -1.524870e-07    -3.733460e-08     7.730033e-08    -8.399822e-07         1.294782e+02    -1.258222e+01     4.571408e+00    -2.871893e+00     5.946179e+00    -6.461402e+01
       12                        5                 1.766877e-07    -4.572527e-08    -9.877453e-08     1.000378e-08    -4.996951e-08    -4.109750e-07         3.089670e+01    -3.320673e+00    -1.148210e+01     7.695213e-01    -3.843808e+00    -3.161346e+01
       12                        6                 1.766877e-07    -4.572527e-08    -9.877453e-08    -1.000378e-08     4.996951e-08    -4.109750e-07         3.089670e+01    -3.320673e+00    -1.148210e+01    -7.695213e-01     3.843808e+00    -3.161346e+01
       12                        7                 6.594073e-07    -1.706490e-07    -9.877453e-08     3.733460e-08    -4.996951e-08    -3.572626e-07         1.464454e+02     1.874443e+01     2.980205e+01     2.871893e+00    -3.843808e+00    -2.748174e+01
       12                        8                 6.594073e-07    -1.706490e-07    -9.877453e-08    -3.733460e-08     4.996951e-08    -3.572626e-07         1.464454e+02     1.874443e+01     2.980205e+01    -2.871893e+00     3.843808e+00    -2.748174e+01
       13                        1                -2.568523e-07     1.160770e-07     6.733876e-08    -2.230278e-08    -3.398972e-08    -4.532157e-07        -4.798917e+01     9.384569e+00     1.886372e+00    -1.715598e+00    -2.614594e+00    -3.486275e+01
       13                        2                -2.568523e-07     1.160770e-07     6.733876e-08     2.230278e-08     3.398972e-08    -4.532157e-07        -4.798917e+01     9.384569e+00     1.886372e+00     1.715598e+00     2.614594e+00    -3.486275e+01
       13                        3                -6.882336e-08     3.110275e-08     6.733876e-08    -5.976011e-09    -3.398972e-08    -4.853874e-07        -7.170729e+00     8.202518e+00     1.377729e+01    -4.596932e-01    -2.614594e+00    -3.733749e+01
       13                        4                -6.882336e-08     3.110275e-08     6.733876e-08     5.976011e-09     3.398972e-08    -4.853874e-07        -7.170729e+00     8.202518e+00     1.377729e+01     4.596932e-01     2.614594e+00    -3.733749e+01
       13                        5                -2.568523e-07     6.032010e-08     3.516707e-08    -2.230278e-08    -1.766295e-08    -2.651868e-07        -5.813478e+01    -9.339033e+00    -1.320873e+01    -1.715598e+00    -1.358689e+00    -2.039899e+01
       13                        6                -2.568523e-07     6.032010e-08     3.516707e-08     2.230278e-08     1.766295e-08    -2.651868e-07        -5.813478e+01    -9.339033e+00    -1.320873e+01     1.715598e+00     1.358689e+00    -2.039899e+01
       13                        7                -6.882336e-08     1.616272e-08     3.516707e-08    -5.976011e-09    -1.766295e-08    -2.973585e-07        -1.260670e+01     4.680849e-01     3.391831e+00    -4.596932e-01    -1.358689e+00    -2.287373e+01
       13                        8                -6.882336e-08     1.616272e-08     3.516707e-08     5.976011e-09     1.766295e-08    -2.973585e-07        -1.260670e+01     4.680849e-01     3.391831e+00     4.596932e-01     1.358689e+00    -2.287373e+01
       14                        1                 6.882336e-08    -3.110275e-08    -6.733876e-08     5.976011e-09    -3.398972e-08    -4.853874e-07         7.170729e+00    -8.202518e+00    -1.377729e+01     4.596932e-01    -2.614594e+00    -3.733749e+01
       14                        2                 6.882336e-08    -3.110275e-08    -6.733876e-08    -5.976011e-09     3.398972e-08    -4.853874e-07         7.170729e+00    -8.202518e+00    -1.377729e+01    -4.596932e-01     2.614594e+00    -3.733749e+01
       14                        3                 2.568523e-07    -1.160770e-07    -6.733876e-08     2.230278e-08    -3.398972e-08    -4.532157e-07         4.798917e+01    -9.384569e+00    -1.886372e+00     1.715598e+00    -2.614594e+00    -3.486275e+01
       14                        4                 2.568523e-07    -1.160770e-07    -6.733876e-08    -2.230278e-08     3.398972e-08    -4.532157e-07         4.798917e+01    -9.384569e+00    -1.886372e+00    -1.715598e+00     2.614594e+00    -3.486275e+01
       14                        5                 6.882336e-08    -1.616272e-08    -3.516707e-08     5.976011e-09    -1.766295e-08    -2.973585e-07         1.260670e+01    -4.680849e-01    -3.391831e+00     4.596932e-01    -1.358689e+00    -2.287373e+01
       14                        6                 6.882336e-08    -1.616272e-08    -3.516707e-08    -5.976011e-09     1.766295e-08    -2.973585e-07         1.260670e+01    -4.680849e-01    -3.391831e+00    -4.596932e-01     1.358689e+00    -2.287373e+01
       14                        7                 2.568523e-07    -6.032010e-08    -3.516707e-08     2.230278e-08    -1.766295e-08    -2.651868e-07         5.813478e+01     9.339033e+00     1.320873e+01     1.715598e+00    -1.358689e+00    -2.039899e+01
       14                        8                 2.568523e-07    -6.032010e-08    -3.516707e-08    -2.230278e-08     1.766295e-08    -2.651868e-07         5.813478e+01     9.339033e+00     1.320873e+01    -1.715598e+00     1.358689e+00    -2.039899e+01
       15                        1                -5.565111e-08     3.309690e-08     1.946429e-08    -7.447286e-09    -9.691446e-09    -1.401008e-07        -8.918238e+00     4.735303e+00     2.637978e+00    -5.728681e-01    -7.454958e-01    -1.077698e+01
       15                        2                -5.565111e-08     3.309690e-08     1.946429e-08     7.447286e-09     9.691446e-09    -1.401008e-07        -8.918238e+00     4.735303e+00     2.637978e+00     5.728681e-01     7.454958e-01    -1.077698e+01
       15                        3                -1.491167e-08     8.868288e-09     1.946429e-08    -1.995494e-09    -9.691446e-09    -1.508299e-07        -7.455362e-01     2.912919e+00     4.543074e+00    -1.534996e-01    -7.454958e-01    -1.160230e+01
       15                        4                -1.491167e-08     8.868288e-09     1.946429e-08     1.995494e-09     9.691446e-09    -1.508299e-07        -7.455362e-01     2.912919e+00     4.543074e+00     1.534996e-01     7.454958e-01    -1.160230e+01
       15                        5                -5.565111e-08     1.447869e-08     8.735193e-09    -7.447286e-09    -4.239654e-09    -9.936135e-08        -1.230447e+01    -1.515267e+00    -2.398881e+00    -5.728681e-01    -3.261273e-01    -7.643181e+00
       15                        6                -5.565111e-08     1.447869e-08     8.735193e-09     7.447286e-09     4.239654e-09    -9.936135e-08        -1.230447e+01    -1.515267e+00    -2.398881e+00     5.728681e-01     3.261273e-01    -7.643181e+00
       15                        7                -1.491167e-08     3.879553e-09     8.735193e-09    -1.995494e-09    -4.239654e-09    -1.100905e-07        -2.559133e+00     3.318246e-01     1.078846e+00    -1.534996e-01    -3.261273e-01    -8.468496e+00
       15                        8                -1.491167e-08     3.879553e-09     8.735193e-09     1.995494e-09     4.239654e-09    -1.100905e-07        -2.559133e+00     3.318246e-01     1.078846e+00     1.534996e-01     3.261273e-01    -8.468496e+00
       16                        1                 1.491167e-08    -8.868288e-09    -1.946429e-08     1.995494e-09    -9.691446e-09    -1.508299e-07         7.455362e-01    -2.912919e+00    -4.543074e+00     1.534996e-01    -7.454958e-01    -1.160230e+01
       16                        2                 1.491167e-08    -8.868288e-09    -1.946429e-08    -1.995494e-09     9.691446e-09    -1.508299e-07         7.455362e-01    -2.912919e+00    -4.543074e+00    -1.534996e-01     7.454958e-01    -1.160230e+01
       16                        3                 5.565111e-08    -3.309690e-08    -1.946429e-08     7.447286e-09    -9.691446e-09    -1.401008e-07         8.918238e+00    -4.735303e+00    -2.637978e+00     5.728681e-01    -7.454958e-01    -1.077698e+01
       16                        4                 5.565111e-08    -3.309690e-08    -1.946429e-08    -7.447286e-09     9.691446e-09    -1.401008e-07         8.918238e+00    -4.735303e+00    -2.637978e+00    -5.728681e-01     7.454958e-01    -1.077698e+01
       16                        5                 1.491167e-08    -3.879553e-09    -8.735193e-09     1.995494e-09    -4.239654e-09    -1.100905e-07         2.559133e+00    -3.318246e-01    -1.078846e+00     1.534996e-01    -3.261273e-01    -8.468496e+00
       16                        6                 1.491167e-08    -3.879553e-09    -8.735193e-09    -1.995494e-09     4.239654e-09    -1.100905e-07         2.559133e+00    -3.318246e-01    -1.078846e+00    -1.534996e-01     3.261273e-01    -8.468496e+00
       16                        7                 5.565111e-08    -1.447869e-08    -8.735193e-09     7.447286e-09    -4.239654e-09    -9.936135e-08         1.230447e+01     1.515267e+00     2.398881e+00     5.728681e-01    -3.261273e-01    -7.643181e+00
       16                        8                 5.565111e-08    -1.447869e-08    -8.735193e-09    -7.447286e-09     4.239654e-09    -9.936135e-08         1.230447e+01     1.515267e+00     2.398881e+00    -5.728681e-01     3.261273e-01    -7.643181e+00


 S O L U T I O N   T I M E   L O G   I N   S E C

     TIME FOR INPUT PHASE  . . . . . . . . . . . . . . =         0.02
     TIME FOR CALCULATION OF STIFFNESS MATRIX  . . . . =         0.02
     TIME FOR FACTORIZATION OF STIFFNESS MATRIX  . . . =         0.03
     TIME FOR LOAD CASE SOLUTIONS  . . . . . . . . . . =        43.60

      T O T A L   S O L U T I O N   T I M E  . . . . . =        43.67
