
 hw3_2 plane stress 

 C O N T R O L   I N F O R M A T I O N

      NUMBER OF NODAL POINTS . . . . . . . . . . (NUMNP)  =          6 
      NUMBER OF ELEMENT GROUPS . . . . . . . . . (NUMEG)  =          1 
      NUMBER OF LOAD CASES . . . . . . . . . . . (NLCASE) =          1 
      SOLUTION MODE  . . . . . . . . . . . . . . (MODEX)  =          2 
         EQ.0, DATA CHECK 
         EQ.1, EXECUTION - 一维变带宽存储刚度矩阵
         EQ.2, EXECUTION - Matlab稀疏矩阵左除


 N O D A L   P O I N T   D A T A 

       NODE                BOUNDARY                           NODAL POINT
      NUMBER     CONDITION  CODES                     COORDINATES
                              X    Y    Z               X               Y              Z
         1                   1    1    1              0.000        0.000        0.000
         2                   1    1    1              0.000       15.000        0.000
         3                   0    0    1             15.000        0.000        0.000
         4                   0    0    1             15.000       15.000        0.000
         5                   0    0    1             30.000        0.000        0.000
         6                   0    0    1             30.000       15.000        0.000


 EQUATION NUMBERS

         NODE         DEGREES OF FREEDOM
       NUMBER
          N                  X         Y         Z
          1                   0         0         0
          2                   0         0         0
          3                   1         2         0
          4                   3         4         0
          5                   5         6         0
          6                   7         8         0


 L O A D   C A S E   D A T A

     LOAD CASE NUMBER . . . . . . . =          1
     NUMBER OF CONCENTRATED LOADS . =          1


         NODE           DIRECTION           LOAD
       NUMBER                               MAGNITUDE
            6                      2              -1.00000e+02

 E L E M E N T   G R O U P   D A T A


 E L E M E N T   D E F I N I T I O N

 ELEMENT TYPE  . . . . . . . . . . . . .( NPAR(1) ) . . =          2
     EQ.1, TRUSS ELEMENTS
     EQ.2, PLANE STRESS
     EQ.3, SOLID
 NUMBER OF ELEMENTS. . . . . . . . . . .( NPAR(2) ) . . =          2
