
 C3D20_ne1 

 C O N T R O L   I N F O R M A T I O N

      NUMBER OF NODAL POINTS . . . . . . . . . . (NUMNP)  =         20 
      NUMBER OF ELEMENT GROUPS . . . . . . . . . (NUMEG)  =          1 
      NUMBER OF LOAD CASES . . . . . . . . . . . (NLCASE) =          1 
      SOLUTION MODE  . . . . . . . . . . . . . . (MODEX)  =          2 
         EQ.0, DATA CHECK 
         EQ.1, EXECUTION - 一维变带宽存储刚度矩阵
         EQ.2, EXECUTION - Matlab稀疏矩阵左除R


 N O D A L   P O I N T   D A T A 

       NODE                BOUNDARY                           NODAL POINT
      NUMBER     CONDITION  CODES                     COORDINATES
                              X    Y    Z               X               Y              Z
         1                   0    0    0             10.000       10.000       20.000
         2                   1    1    1             10.000      -10.000       20.000
         3                   0    0    0             10.000       10.000        0.000
         4                   1    1    1             10.000      -10.000        0.000
         5                   0    0    0            -10.000       10.000       20.000
         6                   1    1    1            -10.000      -10.000       20.000
         7                   0    0    0            -10.000       10.000        0.000
         8                   1    1    1            -10.000      -10.000        0.000
         9                   0    0    0            -10.000       10.000       10.000
        10                   0    0    0            -10.000        0.000        0.000
        11                   0    0    0            -10.000      -10.000       10.000
        12                   0    0    0            -10.000        0.000       20.000
        13                   0    0    0             10.000        0.000       20.000
        14                   0    0    0             10.000      -10.000       10.000
        15                   0    0    0             10.000        0.000        0.000
        16                   0    0    0             10.000       10.000       10.000
        17                   0    0    0              0.000      -10.000       20.000
        18                   0    0    0              0.000       10.000       20.000
        19                   0    0    0              0.000      -10.000        0.000
        20                   0    0    0              0.000       10.000        0.000


 EQUATION NUMBERS

         NODE         DEGREES OF FREEDOM
       NUMBER
          N                  X         Y         Z
          1                   1         2         3
          2                   0         0         0
          3                   4         5         6
          4                   0         0         0
          5                   7         8         9
          6                   0         0         0
          7                  10        11        12
          8                   0         0         0
          9                  13        14        15
         10                  16        17        18
         11                  19        20        21
         12                  22        23        24
         13                  25        26        27
         14                  28        29        30
         15                  31        32        33
         16                  34        35        36
         17                  37        38        39
         18                  40        41        42
         19                  43        44        45
         20                  46        47        48


 L O A D   C A S E   D A T A

     LOAD CASE NUMBER . . . . . . . =          1
     NUMBER OF CONCENTRATED LOADS . =          4


         NODE           DIRECTION           LOAD
       NUMBER                               MAGNITUDE
            5                      2              -1.00000e+00            1                      2              -1.00000e+00            3                      2              -1.00000e+00            7                      2              -1.00000e+00

 E L E M E N T   G R O U P   D A T A


 E L E M E N T   D E F I N I T I O N

 ELEMENT TYPE  . . . . . . . . . . . . .( NPAR(1) ) . . =          4
     EQ.1, TRUSS ELEMENTS
     EQ.2, PLANE STRESS
     EQ.3, SOLID C3D8
     EQ.4, SOLID C3D20
 NUMBER OF ELEMENTS. . . . . . . . . . .( NPAR(2) ) . . =          1

 M A T E R I A L   D E F I N I T I O N

 NUMBER OF DIFFERENT SETS OF MATERIAL
 AND CROSS-SECTIONAL  CONSTANTS  . . . .( NPAR(3) ) . . =          1
     SET          YOUNG'S       POSSION RATIO         DENSITY
   NUMBER         MODULUS
                     E                  nu              rho
     1          2.10000e+05      3.000000e-01     1.000000e-06


 E L E M E N T   I N F O R M A T I O N

      ELEMENT 	 NODE 	 NODE 	 NODE 	 NODE 	 NODE 	 NODE 	 NODE 	 NODE 	 NODE 	 NODE 	 NODE 	 NODE 	 NODE 	 NODE 	 NODE 	 NODE 	 NODE 	 NODE 	 NODE 	 NODE 	    MATERIAL
      NUMBER-N 	   I1 	   I2 	   I3 	   I4 	   I5 	   I6 	   I7 	   I8 	   I9 	   I10 	   I11 	   I12 	   I13 	   I14 	   I15 	   I16 	   I17 	   I18 	   I19 	   I20 	    SET NUMBER
            1       5       6       8       7       1       2       4       3      12      11      10       9      13      14      15      16      18      17      19      20         1


  TOTAL SYSTEM DATA

     NUMBER OF EQUATIONS . . . . . . . . . . . . . .(NEQ) =         48
     NUMBER OF MATRIX ELEMENTS . . . . . . . . . . .(NWK) =       1176
     MAXIMUM HALF BANDWIDTH  . . . . . . . . . . . .(MK ) =         48
     MEAN HALF BANDWIDTH . . . . . . . . . . . . . .(MM ) =         25
