
 C3D20_ne1 

 C O N T R O L   I N F O R M A T I O N

      NUMBER OF NODAL POINTS . . . . . . . . . . (NUMNP)  =         20 
      NUMBER OF ELEMENT GROUPS . . . . . . . . . (NUMEG)  =          1 
      NUMBER OF LOAD CASES . . . . . . . . . . . (NLCASE) =          1 
      SOLUTION MODE  . . . . . . . . . . . . . . (MODEX)  =          2 
         EQ.0, DATA CHECK 
         EQ.1, EXECUTION - 一维变带宽存储刚度矩阵
         EQ.2, EXECUTION - Matlab稀疏矩阵左除R


 N O D A L   P O I N T   D A T A 

       NODE                BOUNDARY                           NODAL POINT
      NUMBER     CONDITION  CODES                     COORDINATES
                              X    Y    Z               X               Y              Z
         1                   1    1    1              0.000        0.000        0.000
         2                   0    1    1              2.000        0.000        0.000
         3                   0    0    1              2.000        2.000        0.000
         4                   1    0    1              0.000        2.000        0.000
         5                   1    1    0              0.000        0.000        2.000
         6                   0    1    0              2.000        0.000        2.000
         7                   0    0    0              2.000        2.000        2.000
         8                   1    0    0              0.000        2.000        2.000
         9                   0    1    1              1.000        0.000        0.000
        10                   0    0    1              2.000        1.000        0.000
        11                   0    0    1              1.000        2.000        0.000
        12                   1    0    1              0.000        1.000        0.000
        13                   0    1    0              1.000        0.000        2.000
        14                   0    0    0              2.000        1.000        2.000
        15                   0    0    0              1.000        2.000        2.000
        16                   1    0    0              0.000        1.000        2.000
        17                   1    1    0              0.000        0.000        1.000
        18                   0    1    0              2.000        0.000        1.000
        19                   0    0    0              2.000        2.000        1.000
        20                   1    0    0              0.000        2.000        1.000


 EQUATION NUMBERS

         NODE         DEGREES OF FREEDOM
       NUMBER
          N                  X         Y         Z
          1                   0         0         0
          2                   1         0         0
          3                   2         3         0
          4                   0         4         0
          5                   0         0         5
          6                   6         0         7
          7                   8         9        10
          8                   0        11        12
          9                  13         0         0
         10                  14        15         0
         11                  16        17         0
         12                   0        18         0
         13                  19         0        20
         14                  21        22        23
         15                  24        25        26
         16                   0        27        28
         17                   0         0        29
         18                  30         0        31
         19                  32        33        34
         20                   0        35        36


 L O A D   C A S E   D A T A

     LOAD CASE NUMBER . . . . . . . =          1
     NUMBER OF CONCENTRATED LOADS . =          8


         NODE           DIRECTION           LOAD
       NUMBER                               MAGNITUDE
            2                      1              -1.00000e+00            3                      1              -1.00000e+00            6                      1              -1.00000e+00            7                      1              -1.00000e+00           10                      1               4.00000e+00           14                      1               4.00000e+00           18                      1               4.00000e+00           19                      1               4.00000e+00

 E L E M E N T   G R O U P   D A T A


 E L E M E N T   D E F I N I T I O N

 ELEMENT TYPE  . . . . . . . . . . . . .( NPAR(1) ) . . =          4
     EQ.1, TRUSS ELEMENTS
     EQ.2, PLANE STRESS
     EQ.3, SOLID C3D8
     EQ.4, SOLID C3D20
 NUMBER OF ELEMENTS. . . . . . . . . . .( NPAR(2) ) . . =          1

 M A T E R I A L   D E F I N I T I O N

 NUMBER OF DIFFERENT SETS OF MATERIAL
 AND CROSS-SECTIONAL  CONSTANTS  . . . .( NPAR(3) ) . . =          1
     SET          YOUNG'S       POSSION RATIO         DENSITY
   NUMBER         MODULUS
                     E                  nu              rho
     1          2.10000e+05      3.000000e-01     7.800000e-09


 E L E M E N T   I N F O R M A T I O N

      ELEMENT 	 NODE 	 NODE 	 NODE 	 NODE 	 NODE 	 NODE 	 NODE 	 NODE 	 NODE 	 NODE 	 NODE 	 NODE 	 NODE 	 NODE 	 NODE 	 NODE 	 NODE 	 NODE 	 NODE 	 NODE 	    MATERIAL
      NUMBER-N 	   I1 	   I2 	   I3 	   I4 	   I5 	   I6 	   I7 	   I8 	   I9 	   I10 	   I11 	   I12 	   I13 	   I14 	   I15 	   I16 	   I17 	   I18 	   I19 	   I20 	    SET NUMBER
            1       1       2       3       4       5       6       7       8       9      10      11      12      13      14      15      16      17      18      19      20         1


  TOTAL SYSTEM DATA

     NUMBER OF EQUATIONS . . . . . . . . . . . . . .(NEQ) =         36
     NUMBER OF MATRIX ELEMENTS . . . . . . . . . . .(NWK) =        666
     MAXIMUM HALF BANDWIDTH  . . . . . . . . . . . .(MK ) =         36
     MEAN HALF BANDWIDTH . . . . . . . . . . . . . .(MM ) =         19


 LOAD CASE   1

 D I S P L A C E M E N T S

       NODE                  X-DISPLACEMENT         Y-DISPLACEMENT         Z-DISPLACEMENT 
          1                   0.000000e+00           0.000000e+00           0.000000e+00
          2                   2.857143e-05           0.000000e+00           0.000000e+00
          3                   2.857143e-05          -8.571429e-06           0.000000e+00
          4                   0.000000e+00          -8.571429e-06           0.000000e+00
          5                   0.000000e+00           0.000000e+00          -8.571429e-06
          6                   2.857143e-05           0.000000e+00          -8.571429e-06
          7                   2.857143e-05          -8.571429e-06          -8.571429e-06
          8                   0.000000e+00          -8.571429e-06          -8.571429e-06
          9                   1.428571e-05           0.000000e+00           0.000000e+00
         10                   2.857143e-05          -4.285714e-06           0.000000e+00
         11                   1.428571e-05          -8.571429e-06           0.000000e+00
         12                   0.000000e+00          -4.285714e-06           0.000000e+00
         13                   1.428571e-05           0.000000e+00          -8.571429e-06
         14                   2.857143e-05          -4.285714e-06          -8.571429e-06
         15                   1.428571e-05          -8.571429e-06          -8.571429e-06
         16                   0.000000e+00          -4.285714e-06          -8.571429e-06
         17                   0.000000e+00           0.000000e+00          -4.285714e-06
         18                   2.857143e-05           0.000000e+00          -4.285714e-06
         19                   2.857143e-05          -8.571429e-06          -4.285714e-06
         20                   0.000000e+00          -8.571429e-06          -4.285714e-06


  S T R A I N AND S T R E S S  C A L C U L A T I O N S  F O R  E L E M E N T  G R O U P    1

  ELEMENT        GAUSS POINT                      			     STRAIN    			     STRESS
  NUMBER            NUMBER           EPSILON_X         EPSILON_Y        EPSILON_Z         GAMMA_XY         GAMMA_YZ         GAMMA_ZX              SIGMA_X          SIGMA_Y          SIGMA_Z           TAU_XY           TAU_YZ           TAU_ZX
       1              1            1.428571e-05    -4.285714e-06    -4.285714e-06    -1.321210e-21    -2.390936e-21    -1.901622e-21         3.000000e+00    -1.776357e-15    -2.220446e-15    -1.067131e-16    -1.931141e-16    -1.535926e-16
       1              2            1.428571e-05    -4.285714e-06    -4.285714e-06    -3.095008e-21    -1.467291e-20    -2.195264e-20         3.000000e+00    -2.220446e-16     2.220446e-15    -2.499815e-16    -1.185120e-15    -1.773098e-15
       1              3            1.428571e-05    -4.285714e-06    -4.285714e-06     1.948200e-21    -1.517757e-21    -2.955313e-21         3.000000e+00    -9.992007e-16    -2.664535e-15     1.573546e-16    -1.225880e-16    -2.386984e-16
       1              4            1.428571e-05    -4.285714e-06    -4.285714e-06     4.110143e-22    -8.398607e-21     1.088741e-20         3.000000e+00    -5.551115e-16    -1.776357e-15     3.319731e-17    -6.783490e-16     8.793679e-16
       1              5            1.428571e-05    -4.285714e-06    -4.285714e-06    -1.270257e-20    -4.406801e-23    -3.039500e-21         3.000000e+00     9.992007e-16     1.776357e-15    -1.025977e-15    -3.559339e-18    -2.454981e-16
       1              6            1.428571e-05    -4.285714e-06    -4.285714e-06    -6.654386e-21     4.349915e-21     2.208053e-21         3.000000e+00     1.221245e-15     1.998401e-15    -5.374696e-16     3.513393e-16     1.783428e-16
       1              7            1.428571e-05    -4.285714e-06    -4.285714e-06     5.336332e-21    -3.795594e-21    -2.646048e-20         3.000000e+00    -6.661338e-16    -6.661338e-16     4.310114e-16    -3.065672e-16    -2.137192e-15
       1              8            1.428571e-05    -4.285714e-06    -4.285714e-06     1.576977e-21     5.283864e-21    -9.705430e-21         3.000000e+00     6.661338e-16    -8.881784e-16     1.273712e-16     4.267736e-16    -7.839001e-16


 S O L U T I O N   T I M E   L O G   I N   S E C

     TIME FOR INPUT PHASE  . . . . . . . . . . . . . . =         0.05
     TIME FOR CALCULATION OF STIFFNESS MATRIX  . . . . =         2.92
     TIME FOR FACTORIZATION OF STIFFNESS MATRIX  . . . =         0.01
     TIME FOR LOAD CASE SOLUTIONS  . . . . . . . . . . =         2.33

      T O T A L   S O L U T I O N   T I M E  . . . . . =         5.30
