
 C3D8_test1 

 C O N T R O L   I N F O R M A T I O N

      NUMBER OF NODAL POINTS . . . . . . . . . . (NUMNP)  =          8 
      NUMBER OF ELEMENT GROUPS . . . . . . . . . (NUMEG)  =          1 
      NUMBER OF LOAD CASES . . . . . . . . . . . (NLCASE) =          1 
      SOLUTION MODE  . . . . . . . . . . . . . . (MODEX)  =          1 
         EQ.0, DATA CHECK 
         EQ.1, EXECUTION - 一维变带宽存储刚度矩阵
         EQ.2, EXECUTION - Matlab稀疏矩阵左除R


 N O D A L   P O I N T   D A T A 

       NODE                BOUNDARY                           NODAL POINT
      NUMBER     CONDITION  CODES                     COORDINATES
                              X    Y    Z               X               Y              Z
         1                   1    1    1            -10.000      -10.000       20.000
         2                   0    0    0            -10.000       10.000       20.000
         3                   1    1    1            -10.000      -10.000        0.000
         4                   0    0    0            -10.000       10.000        0.000
         5                   1    1    1             10.000      -10.000       20.000
         6                   0    0    0             10.000       10.000       20.000
         7                   1    1    1             10.000      -10.000        0.000
         8                   0    0    0             10.000       10.000        0.000


 EQUATION NUMBERS

         NODE         DEGREES OF FREEDOM
       NUMBER
          N                  X         Y         Z
          1                   0         0         0
          2                   1         2         3
          3                   0         0         0
          4                   4         5         6
          5                   0         0         0
          6                   7         8         9
          7                   0         0         0
          8                  10        11        12


 L O A D   C A S E   D A T A

     LOAD CASE NUMBER . . . . . . . =          1
     NUMBER OF CONCENTRATED LOADS . =          4


         NODE           DIRECTION           LOAD
       NUMBER                               MAGNITUDE
            2                      2              -1.00000e+00            4                      2              -1.00000e+00            6                      2              -1.00000e+00            8                      2              -1.00000e+00

 E L E M E N T   G R O U P   D A T A


 E L E M E N T   D E F I N I T I O N

 ELEMENT TYPE  . . . . . . . . . . . . .( NPAR(1) ) . . =          3
     EQ.1, TRUSS ELEMENTS
     EQ.2, PLANE STRESS
     EQ.3, SOLID C3D8
     EQ.4, SOLID C3D20
 NUMBER OF ELEMENTS. . . . . . . . . . .( NPAR(2) ) . . =          1

 M A T E R I A L   D E F I N I T I O N

 NUMBER OF DIFFERENT SETS OF MATERIAL
 AND CROSS-SECTIONAL  CONSTANTS  . . . .( NPAR(3) ) . . =          1
     SET          YOUNG'S       POSSION RATIO         DENSITY
 NUMBER     MODULUS              
                           E                       nu              rho
     1          2.10000e+04      3.000000e-01     1.000000e-09


 E L E M E N T   I N F O R M A T I O N

      ELEMENT 	 NODE 	 NODE 	 NODE 	 NODE 	 NODE 	 NODE 	 NODE 	 NODE 	   MATERIAL
      NUMBER-N 	   I1 	    I2 	    I3 	    I4 	    I5 	    I6 	    I7 	    I8 	 SET NUMBER
            1                     5               6               8               7               1               2               4               3               1


  TOTAL SYSTEM DATA

     NUMBER OF EQUATIONS . . . . . . . . . . . . . .(NEQ) =         12
     NUMBER OF MATRIX ELEMENTS . . . . . . . . . . .(NWK) =         78
     MAXIMUM HALF BANDWIDTH  . . . . . . . . . . . .(MK ) =         12
     MEAN HALF BANDWIDTH . . . . . . . . . . . . . .(MM ) =          7


 LOAD CASE   1

 D I S P L A C E M E N T S

       NODE           X-DISPLACEMENT    Y-DISPLACEMENT    Z-DISPLACEMENT   ET=BRICK C=CYAN 
          1                   0.000000e+00           0.000000e+00           0.000000e+00
          2                  -1.857143e-06          -8.666667e-06           1.857143e-06
          3                   0.000000e+00           0.000000e+00           0.000000e+00
          4                  -1.857143e-06          -8.666667e-06          -1.857143e-06
          5                   0.000000e+00           0.000000e+00           0.000000e+00
          6                   1.857143e-06          -8.666667e-06           1.857143e-06
          7                   0.000000e+00           0.000000e+00           0.000000e+00
          8                   1.857143e-06          -8.666667e-06          -1.857143e-06


  S T R A I N AND S T R E S S  C A L C U L A T I O N S  F O R  E L E M E N T  G R O U P    1

  ELEMENT        GAUSS POINT                      			     STRAIN    			                                                                                                                    STRESS
  NUMBER            NUMBER            EPSILON_X         EPSILON_Y         EPSILON_Z          GAMMA_XY          GAMMA_YZ          GAMMA_ZX           SIGMA_X           SIGMA_Y           SIGMA_Z            TAU_XY            TAU_YZ            TAU_ZX
    1               1              3.924605e-08     -4.333333e-07      3.924605e-08      5.361110e-08      5.361110e-08      1.301720e-23     -3.665064e-03     -1.129904e-02     -3.665064e-03      4.330127e-04      4.330127e-04      1.051389e-19
    1               2              3.924605e-08     -4.333333e-07      3.924605e-08     -5.361110e-08      5.361110e-08      2.046183e-23     -3.665064e-03     -1.129904e-02     -3.665064e-03     -4.330127e-04      4.330127e-04      1.652686e-19
    1               3              3.924605e-08     -4.333333e-07      3.924605e-08      5.361110e-08     -5.361110e-08      2.298714e-24     -3.665064e-03     -1.129904e-02     -3.665064e-03      4.330127e-04     -4.330127e-04      1.856654e-20
    1               4              3.924605e-08     -4.333333e-07      3.924605e-08     -5.361110e-08     -5.361110e-08      1.884233e-23     -3.665064e-03     -1.129904e-02     -3.665064e-03     -4.330127e-04     -4.330127e-04      1.521880e-19
    1               5              1.464682e-07     -4.333333e-07      1.464682e-07      5.361110e-08      5.361110e-08      4.200338e-23      6.650635e-04     -8.700962e-03      6.650635e-04      4.330127e-04      4.330127e-04      3.392581e-19
    1               6              1.464682e-07     -4.333333e-07      1.464682e-07     -5.361110e-08      5.361110e-08      6.516444e-23      6.650635e-04     -8.700962e-03      6.650635e-04     -4.330127e-04      4.330127e-04      5.263282e-19
    1               7              1.464682e-07     -4.333333e-07      1.464682e-07      5.361110e-08     -5.361110e-08      2.225552e-23      6.650635e-04     -8.700962e-03      6.650635e-04      4.330127e-04     -4.330127e-04      1.797561e-19
    1               8              1.464682e-07     -4.333333e-07      1.464682e-07     -5.361110e-08     -5.361110e-08      3.549041e-23      6.650635e-04     -8.700962e-03      6.650635e-04     -4.330127e-04     -4.330127e-04      2.866533e-19


 S O L U T I O N   T I M E   L O G   I N   S E C

     TIME FOR INPUT PHASE  . . . . . . . . . . . . . . =         0.07
     TIME FOR CALCULATION OF STIFFNESS MATRIX  . . . . =         0.07
     TIME FOR FACTORIZATION OF STIFFNESS MATRIX  . . . =         0.02
     TIME FOR LOAD CASE SOLUTIONS  . . . . . . . . . . =         0.04

      T O T A L   S O L U T I O N   T I M E  . . . . . =         0.20
