
 modal_C3D20_ne1 

 C O N T R O L   I N F O R M A T I O N

      NUMBER OF NODAL POINTS . . . . . . . . . . (NUMNP)  =         20 
      NUMBER OF ELEMENT GROUPS . . . . . . . . . (NUMEG)  =          1 
      NUMBER OF LOAD CASES . . . . . . . . . . . (NLCASE) =          1 
      SOLUTION MODE  . . . . . . . . . . . . . . (MODEX)  =          2 
         EQ.0, DATA CHECK 
         EQ.1, EXECUTION - 一维变带宽存储刚度矩阵
         EQ.2, EXECUTION - Matlab稀疏矩阵左除R


 N O D A L   P O I N T   D A T A 

       NODE                BOUNDARY                           NODAL POINT
      NUMBER     CONDITION  CODES                     COORDINATES
                              X    Y    Z               X               Y              Z
         1                   1    1    1              0.000        0.000        0.000
         2                   1    1    1             20.000        0.000        0.000
         3                   1    1    1             20.000       20.000        0.000
         4                   1    1    1              0.000       20.000        0.000
         5                   0    0    0              0.000        0.000       20.000
         6                   0    0    0             20.000        0.000       20.000
         7                   0    0    0             20.000       20.000       20.000
         8                   0    0    0              0.000       20.000       20.000
         9                   1    1    1             10.000        0.000        0.000
        10                   1    1    1             20.000       10.000        0.000
        11                   1    1    1             10.000       20.000        0.000
        12                   1    1    1              0.000       10.000        0.000
        13                   0    0    0             10.000        0.000       20.000
        14                   0    0    0             20.000       10.000       20.000
        15                   0    0    0             10.000       20.000       20.000
        16                   0    0    0              0.000       10.000       20.000
        17                   0    0    0              0.000        0.000       10.000
        18                   0    0    0             20.000        0.000       10.000
        19                   0    0    0             20.000       20.000       10.000
        20                   0    0    0              0.000       20.000       10.000


 EQUATION NUMBERS

         NODE         DEGREES OF FREEDOM
       NUMBER
          N                  X         Y         Z
          1                   0         0         0
          2                   0         0         0
          3                   0         0         0
          4                   0         0         0
          5                   1         2         3
          6                   4         5         6
          7                   7         8         9
          8                  10        11        12
          9                   0         0         0
         10                   0         0         0
         11                   0         0         0
         12                   0         0         0
         13                  13        14        15
         14                  16        17        18
         15                  19        20        21
         16                  22        23        24
         17                  25        26        27
         18                  28        29        30
         19                  31        32        33
         20                  34        35        36


 L O A D   C A S E   D A T A

     LOAD CASE NUMBER . . . . . . . =          1
     NUMBER OF CONCENTRATED LOADS . =          8


         NODE           DIRECTION           LOAD
       NUMBER                               MAGNITUDE
            2                      1              -1.00000e+00            3                      1              -1.00000e+00            6                      1              -1.00000e+00            7                      1              -1.00000e+00           10                      1               4.00000e+00           14                      1               4.00000e+00           18                      1               4.00000e+00           19                      1               4.00000e+00

 E L E M E N T   G R O U P   D A T A


 E L E M E N T   D E F I N I T I O N

 ELEMENT TYPE  . . . . . . . . . . . . .( NPAR(1) ) . . =          4
     EQ.1, TRUSS ELEMENTS
     EQ.2, PLANE STRESS
     EQ.3, SOLID C3D8
     EQ.4, SOLID C3D20
 NUMBER OF ELEMENTS. . . . . . . . . . .( NPAR(2) ) . . =          1

 M A T E R I A L   D E F I N I T I O N

 NUMBER OF DIFFERENT SETS OF MATERIAL
 AND CROSS-SECTIONAL  CONSTANTS  . . . .( NPAR(3) ) . . =          1
     SET          YOUNG'S       POSSION RATIO         DENSITY
   NUMBER         MODULUS
                     E                  nu              rho
     1          2.10000e+05      3.000000e-01     7.900000e-06


 E L E M E N T   I N F O R M A T I O N

      ELEMENT 	 NODE 	 NODE 	 NODE 	 NODE 	 NODE 	 NODE 	 NODE 	 NODE 	 NODE 	 NODE 	 NODE 	 NODE 	 NODE 	 NODE 	 NODE 	 NODE 	 NODE 	 NODE 	 NODE 	 NODE 	    MATERIAL
      NUMBER-N 	   I1 	   I2 	   I3 	   I4 	   I5 	   I6 	   I7 	   I8 	   I9 	   I10 	   I11 	   I12 	   I13 	   I14 	   I15 	   I16 	   I17 	   I18 	   I19 	   I20 	    SET NUMBER
            1       1       2       3       4       5       6       7       8       9      10      11      12      13      14      15      16      17      18      19      20         1


  TOTAL SYSTEM DATA

     NUMBER OF EQUATIONS . . . . . . . . . . . . . .(NEQ) =         36
     NUMBER OF MATRIX ELEMENTS . . . . . . . . . . .(NWK) =        666
     MAXIMUM HALF BANDWIDTH  . . . . . . . . . . . .(MK ) =         36
     MEAN HALF BANDWIDTH . . . . . . . . . . . . . .(MM ) =         19


 LOAD CASE   1

 D I S P L A C E M E N T S

       NODE                  X-DISPLACEMENT         Y-DISPLACEMENT         Z-DISPLACEMENT 
          1                   0.000000e+00           0.000000e+00           0.000000e+00
          2                   0.000000e+00           0.000000e+00           0.000000e+00
          3                   0.000000e+00           0.000000e+00           0.000000e+00
          4                   0.000000e+00           0.000000e+00           0.000000e+00
          5                   3.778692e-06           2.873921e-06           1.908441e-06
          6                   1.239698e-05           5.195349e-06          -2.491074e-06
          7                   1.239698e-05          -5.195349e-06          -2.491074e-06
          8                   3.778692e-06          -2.873921e-06           1.908441e-06
          9                   0.000000e+00           0.000000e+00           0.000000e+00
         10                   0.000000e+00           0.000000e+00           0.000000e+00
         11                   0.000000e+00           0.000000e+00           0.000000e+00
         12                   0.000000e+00           0.000000e+00           0.000000e+00
         13                   7.379954e-06          -1.666057e-06          -3.501401e-07
         14                   6.658108e-06          -2.293106e-20          -3.527341e-06
         15                   7.379954e-06           1.666057e-06          -3.501401e-07
         16                   9.441202e-06           8.038384e-21           2.827061e-06
         17                   1.605911e-06           2.579295e-06           1.752224e-06
         18                   6.913375e-06           1.571306e-06          -1.984717e-06
         19                   6.913375e-06          -1.571306e-06          -1.984717e-06
         20                   1.605911e-06          -2.579295e-06           1.752224e-06


  S T R A I N AND S T R E S S  C A L C U L A T I O N S  F O R  E L E M E N T  G R O U P    1

  ELEMENT        GAUSS POINT                      			     STRAIN    			     STRESS
  NUMBER            NUMBER           EPSILON_X         EPSILON_Y        EPSILON_Z         GAMMA_XY         GAMMA_YZ         GAMMA_ZX              SIGMA_X          SIGMA_Y          SIGMA_Z           TAU_XY           TAU_YZ           TAU_ZX
       1              1            2.675351e-08    -3.638923e-08     1.184606e-07    -2.850670e-08     4.535218e-08     2.435393e-07         1.750628e-02     7.306298e-03     3.232051e-02    -2.302464e-03     3.663060e-03     1.967049e-02
       1              2            8.930169e-09    -1.121878e-08     9.189432e-09     7.638348e-09    -1.215208e-08     9.172801e-08         2.278627e-03    -9.762026e-04     2.320508e-03     6.169435e-04    -9.815141e-04     7.408801e-03
       1              3            2.675351e-08    -3.638923e-08     1.184606e-07     2.850670e-08    -4.535218e-08     2.435393e-07         1.750628e-02     7.306298e-03     3.232051e-02     2.302464e-03    -3.663060e-03     1.967049e-02
       1              4            8.930169e-09    -1.121878e-08     9.189432e-09    -7.638348e-09     1.215208e-08     9.172801e-08         2.278627e-03    -9.762026e-04     2.320508e-03    -6.169435e-04     9.815141e-04     7.408801e-03
       1              5            6.130060e-08     1.876079e-08    -1.486431e-07    -2.850670e-08    -2.697185e-08     3.423336e-07         1.593470e-03    -5.278345e-03    -3.232051e-02    -2.302464e-03    -2.178496e-03     2.765002e-02
       1              6            1.378617e-07    -3.344971e-08    -5.295658e-08     7.638348e-09     7.227085e-09     6.525617e-08         2.850398e-02     8.306021e-04    -2.320508e-03     6.169435e-04     5.837261e-04     5.270691e-03
       1              7            6.130060e-08     1.876079e-08    -1.486431e-07     2.850670e-08     2.697185e-08     3.423336e-07         1.593470e-03    -5.278345e-03    -3.232051e-02     2.302464e-03     2.178496e-03     2.765002e-02
       1              8            1.378617e-07    -3.344971e-08    -5.295658e-08    -7.638348e-09    -7.227085e-09     6.525617e-08         2.850398e-02     8.306021e-04    -2.320508e-03    -6.169435e-04    -5.837261e-04     5.270691e-03
